[2024-02-02T13:22:13.950+0000][0.007s] CardTable entry size: 512
[2024-02-02T13:22:13.950+0000][0.007s] Using G1
[2024-02-02T13:22:14.200+0000][0.257s] Version: 21.0.1+12-LTS (release)
[2024-02-02T13:22:14.200+0000][0.257s] CPUs: 2 total, 2 available
[2024-02-02T13:22:14.200+0000][0.257s] Memory: 7929M
[2024-02-02T13:22:14.200+0000][0.257s] Large Page Support: Disabled
[2024-02-02T13:22:14.200+0000][0.257s] NUMA Support: Disabled
[2024-02-02T13:22:14.200+0000][0.257s] Compressed Oops: Enabled (32-bit)
[2024-02-02T13:22:14.201+0000][0.257s] Heap Region Size: 1M
[2024-02-02T13:22:14.201+0000][0.257s] Heap Min Capacity: 512M
[2024-02-02T13:22:14.201+0000][0.257s] Heap Initial Capacity: 512M
[2024-02-02T13:22:14.201+0000][0.257s] Heap Max Capacity: 512M
[2024-02-02T13:22:14.201+0000][0.257s] Pre-touch: Enabled
[2024-02-02T13:22:14.201+0000][0.257s] Parallel Workers: 2
[2024-02-02T13:22:14.201+0000][0.257s] Concurrent Workers: 1
[2024-02-02T13:22:14.201+0000][0.257s] Concurrent Refinement Workers: 2
[2024-02-02T13:22:14.201+0000][0.257s] Periodic GC: Disabled
[2024-02-02T13:22:14.209+0000][0.265s] CDS archive(s) mapped at: [0x00007f6637000000-0x00007f6637ca8000-0x00007f6637ca8000), size 13271040, SharedBaseAddress: 0x00007f6637000000, ArchiveRelocationMode: 1.
[2024-02-02T13:22:14.209+0000][0.265s] Compressed class space mapped at: 0x00007f6638000000-0x00007f6678000000, reserved size: 1073741824
[2024-02-02T13:22:14.209+0000][0.265s] Narrow klass base: 0x00007f6637000000, Narrow klass shift: 0, Narrow klass range: 0x100000000
[2024-02-02T13:22:16.165+0000][2.222s] GC(0) Pause Young (Normal) (G1 Evacuation Pause)
[2024-02-02T13:22:16.166+0000][2.222s] GC(0) Using 2 workers of 2 for evacuation
[2024-02-02T13:22:16.170+0000][2.227s] GC(0)   Pre Evacuate Collection Set: 0.1ms
[2024-02-02T13:22:16.170+0000][2.227s] GC(0)   Merge Heap Roots: 0.0ms
[2024-02-02T13:22:16.170+0000][2.227s] GC(0)   Evacuate Collection Set: 3.8ms
[2024-02-02T13:22:16.170+0000][2.227s] GC(0)   Post Evacuate Collection Set: 0.3ms
[2024-02-02T13:22:16.170+0000][2.227s] GC(0)   Other: 0.1ms
[2024-02-02T13:22:16.170+0000][2.227s] GC(0) Eden regions: 25->0(21)
[2024-02-02T13:22:16.170+0000][2.227s] GC(0) Survivor regions: 0->4(4)
[2024-02-02T13:22:16.170+0000][2.227s] GC(0) Old regions: 2->2
[2024-02-02T13:22:16.170+0000][2.227s] GC(0) Humongous regions: 0->0
[2024-02-02T13:22:16.170+0000][2.227s] GC(0) Metaspace: 7885K(8128K)->7885K(8128K) NonClass: 6980K(7104K)->6980K(7104K) Class: 904K(1024K)->904K(1024K)
[2024-02-02T13:22:16.170+0000][2.227s] GC(0) Pause Young (Normal) (G1 Evacuation Pause) 26M->4M(512M) 4.856ms
[2024-02-02T13:22:16.170+0000][2.227s] GC(0) User=0.01s Sys=0.00s Real=0.01s
[2024-02-02T13:22:17.012+0000][3.069s] GC(1) Pause Young (Normal) (G1 Evacuation Pause)
[2024-02-02T13:22:17.012+0000][3.069s] GC(1) Using 2 workers of 2 for evacuation
[2024-02-02T13:22:17.027+0000][3.083s] GC(1)   Pre Evacuate Collection Set: 0.2ms
[2024-02-02T13:22:17.027+0000][3.083s] GC(1)   Merge Heap Roots: 0.0ms
[2024-02-02T13:22:17.027+0000][3.083s] GC(1)   Evacuate Collection Set: 13.6ms
[2024-02-02T13:22:17.027+0000][3.083s] GC(1)   Post Evacuate Collection Set: 0.4ms
[2024-02-02T13:22:17.027+0000][3.083s] GC(1)   Other: 0.1ms
[2024-02-02T13:22:17.027+0000][3.083s] GC(1) Eden regions: 21->0(21)
[2024-02-02T13:22:17.027+0000][3.083s] GC(1) Survivor regions: 4->4(4)
[2024-02-02T13:22:17.027+0000][3.083s] GC(1) Old regions: 2->10
[2024-02-02T13:22:17.027+0000][3.083s] GC(1) Humongous regions: 4->4
[2024-02-02T13:22:17.027+0000][3.083s] GC(1) Metaspace: 13389K(13696K)->13389K(13696K) NonClass: 11851K(12032K)->11851K(12032K) Class: 1537K(1664K)->1537K(1664K)
[2024-02-02T13:22:17.027+0000][3.083s] GC(1) Pause Young (Normal) (G1 Evacuation Pause) 29M->17M(512M) 14.592ms
[2024-02-02T13:22:17.027+0000][3.083s] GC(1) User=0.03s Sys=0.00s Real=0.01s
[2024-02-02T13:22:17.870+0000][3.927s] GC(2) Pause Young (Normal) (G1 Evacuation Pause)
[2024-02-02T13:22:17.870+0000][3.927s] GC(2) Using 2 workers of 2 for evacuation
[2024-02-02T13:22:17.879+0000][3.935s] GC(2)   Pre Evacuate Collection Set: 0.1ms
[2024-02-02T13:22:17.879+0000][3.935s] GC(2)   Merge Heap Roots: 0.0ms
[2024-02-02T13:22:17.879+0000][3.935s] GC(2)   Evacuate Collection Set: 7.6ms
[2024-02-02T13:22:17.879+0000][3.935s] GC(2)   Post Evacuate Collection Set: 0.4ms
[2024-02-02T13:22:17.879+0000][3.936s] GC(2)   Other: 0.2ms
[2024-02-02T13:22:17.879+0000][3.936s] GC(2) Eden regions: 21->0(37)
[2024-02-02T13:22:17.879+0000][3.936s] GC(2) Survivor regions: 4->3(4)
[2024-02-02T13:22:17.879+0000][3.936s] GC(2) Old regions: 10->15
[2024-02-02T13:22:17.879+0000][3.936s] GC(2) Humongous regions: 4->4
[2024-02-02T13:22:17.879+0000][3.936s] GC(2) Metaspace: 19679K(20096K)->19679K(20096K) NonClass: 17421K(17664K)->17421K(17664K) Class: 2258K(2432K)->2258K(2432K)
[2024-02-02T13:22:17.879+0000][3.936s] GC(2) Pause Young (Normal) (G1 Evacuation Pause) 38M->20M(512M) 8.746ms
[2024-02-02T13:22:17.879+0000][3.936s] GC(2) User=0.02s Sys=0.00s Real=0.00s
[2024-02-02T13:22:18.260+0000][4.317s] GC(3) Pause Young (Normal) (G1 Evacuation Pause)
[2024-02-02T13:22:18.260+0000][4.317s] GC(3) Using 2 workers of 2 for evacuation
[2024-02-02T13:22:18.265+0000][4.321s] GC(3)   Pre Evacuate Collection Set: 0.1ms
[2024-02-02T13:22:18.265+0000][4.321s] GC(3)   Merge Heap Roots: 0.1ms
[2024-02-02T13:22:18.265+0000][4.321s] GC(3)   Evacuate Collection Set: 4.1ms
[2024-02-02T13:22:18.265+0000][4.321s] GC(3)   Post Evacuate Collection Set: 0.4ms
[2024-02-02T13:22:18.265+0000][4.321s] GC(3)   Other: 0.1ms
[2024-02-02T13:22:18.265+0000][4.321s] GC(3) Eden regions: 39->0(175)
[2024-02-02T13:22:18.265+0000][4.321s] GC(3) Survivor regions: 3->6(6)
[2024-02-02T13:22:18.265+0000][4.321s] GC(3) Old regions: 15->15
[2024-02-02T13:22:18.265+0000][4.321s] GC(3) Humongous regions: 4->4
[2024-02-02T13:22:18.265+0000][4.321s] GC(3) Metaspace: 19806K(20224K)->19806K(20224K) NonClass: 17545K(17792K)->17545K(17792K) Class: 2261K(2432K)->2261K(2432K)
[2024-02-02T13:22:18.265+0000][4.321s] GC(3) Pause Young (Normal) (G1 Evacuation Pause) 59M->23M(512M) 4.961ms
[2024-02-02T13:22:18.265+0000][4.322s] GC(3) User=0.00s Sys=0.00s Real=0.00s
[2024-02-02T13:22:18.643+0000][4.700s] GC(4) Pause Young (Concurrent Start) (Metadata GC Threshold)
[2024-02-02T13:22:18.644+0000][4.700s] GC(4) Using 2 workers of 2 for evacuation
[2024-02-02T13:22:18.648+0000][4.704s] GC(4)   Pre Evacuate Collection Set: 0.1ms
[2024-02-02T13:22:18.648+0000][4.704s] GC(4)   Merge Heap Roots: 0.0ms
[2024-02-02T13:22:18.648+0000][4.704s] GC(4)   Evacuate Collection Set: 3.6ms
[2024-02-02T13:22:18.648+0000][4.704s] GC(4)   Post Evacuate Collection Set: 0.4ms
[2024-02-02T13:22:18.648+0000][4.704s] GC(4)   Other: 0.1ms
[2024-02-02T13:22:18.648+0000][4.704s] GC(4) Eden regions: 37->0(250)
[2024-02-02T13:22:18.648+0000][4.704s] GC(4) Survivor regions: 6->7(24)
[2024-02-02T13:22:18.648+0000][4.705s] GC(4) Old regions: 15->15
[2024-02-02T13:22:18.648+0000][4.705s] GC(4) Humongous regions: 4->4
[2024-02-02T13:22:18.648+0000][4.705s] GC(4) Metaspace: 21087K(21504K)->21087K(21504K) NonClass: 18701K(18944K)->18701K(18944K) Class: 2385K(2560K)->2385K(2560K)
[2024-02-02T13:22:18.648+0000][4.705s] GC(4) Pause Young (Concurrent Start) (Metadata GC Threshold) 59M->24M(512M) 4.553ms
[2024-02-02T13:22:18.648+0000][4.705s] GC(4) User=0.00s Sys=0.01s Real=0.01s
[2024-02-02T13:22:18.648+0000][4.705s] GC(5) Concurrent Mark Cycle
[2024-02-02T13:22:18.648+0000][4.705s] GC(5) Concurrent Scan Root Regions
[2024-02-02T13:22:18.651+0000][4.707s] GC(5) Concurrent Scan Root Regions 2.298ms
[2024-02-02T13:22:18.651+0000][4.707s] GC(5) Concurrent Mark
[2024-02-02T13:22:18.651+0000][4.707s] GC(5) Concurrent Mark From Roots
[2024-02-02T13:22:18.651+0000][4.707s] GC(5) Using 1 workers of 1 for marking
[2024-02-02T13:22:18.676+0000][4.733s] GC(5) Concurrent Mark From Roots 25.769ms
[2024-02-02T13:22:18.676+0000][4.733s] GC(5) Concurrent Preclean
[2024-02-02T13:22:18.677+0000][4.733s] GC(5) Concurrent Preclean 0.060ms
[2024-02-02T13:22:18.677+0000][4.733s] GC(5) Pause Remark
[2024-02-02T13:22:18.683+0000][4.740s] GC(5) Pause Remark 25M->25M(512M) 6.542ms
[2024-02-02T13:22:18.683+0000][4.740s] GC(5) User=0.01s Sys=0.00s Real=0.01s
[2024-02-02T13:22:18.683+0000][4.740s] GC(5) Concurrent Mark 32.632ms
[2024-02-02T13:22:18.683+0000][4.740s] GC(5) Concurrent Rebuild Remembered Sets and Scrub Regions
[2024-02-02T13:22:18.692+0000][4.748s] GC(5) Concurrent Rebuild Remembered Sets and Scrub Regions 8.471ms
[2024-02-02T13:22:18.696+0000][4.753s] GC(5) Pause Cleanup
[2024-02-02T13:22:18.696+0000][4.753s] GC(5) Pause Cleanup 25M->25M(512M) 0.110ms
[2024-02-02T13:22:18.696+0000][4.753s] GC(5) User=0.00s Sys=0.00s Real=0.00s
[2024-02-02T13:22:18.696+0000][4.753s] GC(5) Concurrent Clear Claimed Marks
[2024-02-02T13:22:18.696+0000][4.753s] GC(5) Concurrent Clear Claimed Marks 0.055ms
[2024-02-02T13:22:18.696+0000][4.753s] GC(5) Concurrent Cleanup for Next Mark
[2024-02-02T13:22:18.697+0000][4.753s] GC(5) Concurrent Cleanup for Next Mark 0.560ms
[2024-02-02T13:22:18.697+0000][4.753s] GC(5) Concurrent Mark Cycle 48.792ms
[2024-02-02T13:22:20.468+0000][6.524s] GC(6) Pause Young (Prepare Mixed) (Metadata GC Threshold)
[2024-02-02T13:22:20.468+0000][6.524s] GC(6) Using 2 workers of 2 for evacuation
[2024-02-02T13:22:20.476+0000][6.532s] GC(6)   Pre Evacuate Collection Set: 0.1ms
[2024-02-02T13:22:20.476+0000][6.532s] GC(6)   Merge Heap Roots: 0.0ms
[2024-02-02T13:22:20.476+0000][6.532s] GC(6)   Evacuate Collection Set: 7.2ms
[2024-02-02T13:22:20.476+0000][6.532s] GC(6)   Post Evacuate Collection Set: 0.5ms
[2024-02-02T13:22:20.476+0000][6.532s] GC(6)   Other: 0.1ms
[2024-02-02T13:22:20.476+0000][6.532s] GC(6) Eden regions: 75->0(111)
[2024-02-02T13:22:20.476+0000][6.532s] GC(6) Survivor regions: 7->12(33)
[2024-02-02T13:22:20.476+0000][6.532s] GC(6) Old regions: 15->15
[2024-02-02T13:22:20.476+0000][6.532s] GC(6) Humongous regions: 5->4
[2024-02-02T13:22:20.476+0000][6.532s] GC(6) Metaspace: 35989K(36416K)->35989K(36416K) NonClass: 31991K(32192K)->31991K(32192K) Class: 3998K(4224K)->3998K(4224K)
[2024-02-02T13:22:20.476+0000][6.532s] GC(6) Pause Young (Prepare Mixed) (Metadata GC Threshold) 100M->29M(512M) 8.270ms
[2024-02-02T13:22:20.476+0000][6.532s] GC(6) User=0.01s Sys=0.00s Real=0.01s
[2024-02-02T13:22:20.492+0000][6.549s] GC(7) Pause Young (Mixed) (Metadata GC Threshold)
[2024-02-02T13:22:20.492+0000][6.549s] GC(7) Using 2 workers of 2 for evacuation
[2024-02-02T13:22:20.500+0000][6.556s] GC(7)   Pre Evacuate Collection Set: 0.2ms
[2024-02-02T13:22:20.500+0000][6.556s] GC(7)   Merge Heap Roots: 0.1ms
[2024-02-02T13:22:20.500+0000][6.556s] GC(7)   Evacuate Collection Set: 6.3ms
[2024-02-02T13:22:20.500+0000][6.556s] GC(7)   Post Evacuate Collection Set: 0.5ms
[2024-02-02T13:22:20.500+0000][6.556s] GC(7)   Other: 0.1ms
[2024-02-02T13:22:20.500+0000][6.556s] GC(7) Eden regions: 2->0(114)
[2024-02-02T13:22:20.500+0000][6.556s] GC(7) Survivor regions: 12->7(16)
[2024-02-02T13:22:20.500+0000][6.556s] GC(7) Old regions: 15->19
[2024-02-02T13:22:20.500+0000][6.556s] GC(7) Humongous regions: 4->4
[2024-02-02T13:22:20.500+0000][6.556s] GC(7) Metaspace: 36267K(36736K)->36267K(36736K) NonClass: 32237K(32512K)->32237K(32512K) Class: 4030K(4224K)->4030K(4224K)
[2024-02-02T13:22:20.500+0000][6.556s] GC(7) Pause Young (Mixed) (Metadata GC Threshold) 31M->29M(512M) 7.343ms
[2024-02-02T13:22:20.500+0000][6.556s] GC(7) User=0.01s Sys=0.00s Real=0.01s
[2024-02-02T13:22:20.538+0000][6.594s] GC(8) Pause Young (Concurrent Start) (Metadata GC Threshold)
[2024-02-02T13:22:20.538+0000][6.594s] GC(8) Using 2 workers of 2 for evacuation
[2024-02-02T13:22:20.543+0000][6.600s] GC(8)   Pre Evacuate Collection Set: 0.1ms
[2024-02-02T13:22:20.543+0000][6.600s] GC(8)   Merge Heap Roots: 0.0ms
[2024-02-02T13:22:20.543+0000][6.600s] GC(8)   Evacuate Collection Set: 4.6ms
[2024-02-02T13:22:20.543+0000][6.600s] GC(8)   Post Evacuate Collection Set: 0.4ms
[2024-02-02T13:22:20.543+0000][6.600s] GC(8)   Other: 0.2ms
[2024-02-02T13:22:20.543+0000][6.600s] GC(8) Eden regions: 2->0(166)
[2024-02-02T13:22:20.543+0000][6.600s] GC(8) Survivor regions: 7->7(16)
[2024-02-02T13:22:20.543+0000][6.600s] GC(8) Old regions: 19->19
[2024-02-02T13:22:20.543+0000][6.600s] GC(8) Humongous regions: 4->4
[2024-02-02T13:22:20.543+0000][6.600s] GC(8) Metaspace: 36627K(37056K)->36627K(37056K) NonClass: 32560K(32768K)->32560K(32768K) Class: 4067K(4288K)->4067K(4288K)
[2024-02-02T13:22:20.543+0000][6.600s] GC(8) Pause Young (Concurrent Start) (Metadata GC Threshold) 31M->29M(512M) 5.549ms
[2024-02-02T13:22:20.543+0000][6.600s] GC(8) User=0.01s Sys=0.00s Real=0.01s
[2024-02-02T13:22:20.543+0000][6.600s] GC(9) Concurrent Mark Cycle
[2024-02-02T13:22:20.543+0000][6.600s] GC(9) Concurrent Scan Root Regions
[2024-02-02T13:22:20.547+0000][6.603s] GC(9) Concurrent Scan Root Regions 3.484ms
[2024-02-02T13:22:20.547+0000][6.603s] GC(9) Concurrent Mark
[2024-02-02T13:22:20.547+0000][6.604s] GC(9) Concurrent Mark From Roots
[2024-02-02T13:22:20.547+0000][6.604s] GC(9) Using 1 workers of 1 for marking
[2024-02-02T13:22:20.571+0000][6.628s] GC(9) Concurrent Mark From Roots 24.226ms
[2024-02-02T13:22:20.571+0000][6.628s] GC(9) Concurrent Preclean
[2024-02-02T13:22:20.571+0000][6.628s] GC(9) Concurrent Preclean 0.154ms
[2024-02-02T13:22:20.572+0000][6.628s] GC(9) Pause Remark
[2024-02-02T13:22:20.581+0000][6.637s] GC(9) Pause Remark 30M->30M(512M) 9.112ms
[2024-02-02T13:22:20.581+0000][6.637s] GC(9) User=0.02s Sys=0.00s Real=0.01s
[2024-02-02T13:22:20.582+0000][6.638s] GC(9) Concurrent Mark 34.988ms
[2024-02-02T13:22:20.582+0000][6.638s] GC(9) Concurrent Rebuild Remembered Sets and Scrub Regions
[2024-02-02T13:22:20.591+0000][6.647s] GC(9) Concurrent Rebuild Remembered Sets and Scrub Regions 8.662ms
[2024-02-02T13:22:20.591+0000][6.647s] GC(9) Pause Cleanup
[2024-02-02T13:22:20.591+0000][6.647s] GC(9) Pause Cleanup 30M->30M(512M) 0.128ms
[2024-02-02T13:22:20.591+0000][6.647s] GC(9) User=0.00s Sys=0.00s Real=0.00s
[2024-02-02T13:22:20.591+0000][6.648s] GC(9) Concurrent Clear Claimed Marks
[2024-02-02T13:22:20.591+0000][6.648s] GC(9) Concurrent Clear Claimed Marks 0.059ms
[2024-02-02T13:22:20.591+0000][6.648s] GC(9) Concurrent Cleanup for Next Mark
[2024-02-02T13:22:20.592+0000][6.648s] GC(9) Concurrent Cleanup for Next Mark 0.500ms
[2024-02-02T13:22:20.592+0000][6.648s] GC(9) Concurrent Mark Cycle 48.324ms
[2024-02-02T13:22:24.479+0000][10.535s] GC(10) Pause Young (Prepare Mixed) (G1 Evacuation Pause)
[2024-02-02T13:22:24.479+0000][10.536s] GC(10) Using 2 workers of 2 for evacuation
[2024-02-02T13:22:24.498+0000][10.554s] GC(10)   Pre Evacuate Collection Set: 0.6ms
[2024-02-02T13:22:24.498+0000][10.554s] GC(10)   Merge Heap Roots: 0.1ms
[2024-02-02T13:22:24.498+0000][10.554s] GC(10)   Evacuate Collection Set: 17.1ms
[2024-02-02T13:22:24.498+0000][10.554s] GC(10)   Post Evacuate Collection Set: 1.0ms
[2024-02-02T13:22:24.498+0000][10.554s] GC(10)   Other: 0.1ms
[2024-02-02T13:22:24.498+0000][10.555s] GC(10) Eden regions: 161->0(284)
[2024-02-02T13:22:24.498+0000][10.555s] GC(10) Survivor regions: 7->16(21)
[2024-02-02T13:22:24.498+0000][10.555s] GC(10) Old regions: 19->19
[2024-02-02T13:22:24.498+0000][10.555s] GC(10) Humongous regions: 4->4
[2024-02-02T13:22:24.498+0000][10.555s] GC(10) Metaspace: 54175K(54784K)->54175K(54784K) NonClass: 47654K(48000K)->47654K(48000K) Class: 6520K(6784K)->6520K(6784K)
[2024-02-02T13:22:24.498+0000][10.555s] GC(10) Pause Young (Prepare Mixed) (G1 Evacuation Pause) 190M->38M(512M) 19.164ms
[2024-02-02T13:22:24.498+0000][10.555s] GC(10) User=0.03s Sys=0.00s Real=0.02s
