2024-02-03 23:24:16.681 INFO  (main) [] o.e.j.s.Server jetty-10.0.17; built: 2023-10-09T18:22:21.150Z; git: af15f12297adf5c5083e1f2f8f4c5974438bca25; jvm 21.0.1+12-LTS
2024-02-03 23:24:17.533 WARN  (main) [] o.e.j.u.DeprecationWarning Using @Deprecated Class org.eclipse.jetty.servlet.listener.ELContextCleaner
2024-02-03 23:24:17.596 INFO  (main) [] o.a.s.s.CoreContainerProvider Using logger factory org.apache.logging.slf4j.Log4jLoggerFactory
2024-02-03 23:24:17.614 INFO  (main) [] o.a.s.s.CoreContainerProvider  ___      _       Welcome to Apache Solr™ version 9.4.0
2024-02-03 23:24:17.615 INFO  (main) [] o.a.s.s.CoreContainerProvider / __| ___| |_ _   Starting in standalone mode on port 8983
2024-02-03 23:24:17.616 INFO  (main) [] o.a.s.s.CoreContainerProvider \__ \/ _ \ | '_|  Install dir: /workspaces/solr-9.4.0
2024-02-03 23:24:17.617 INFO  (main) [] o.a.s.s.CoreContainerProvider |___/\___/_|_|    Start time: 2024-02-03T23:24:17.617243926Z
2024-02-03 23:24:17.620 INFO  (main) [] o.a.s.s.CoreContainerProvider Solr started with "-XX:+CrashOnOutOfMemoryError" that will crash on any OutOfMemoryError exception. The cause of the OOME will be logged in the crash file at the following path: /workspaces/solr-9.4.0/server/logs/jvm_crash_2460.log
2024-02-03 23:24:17.661 INFO  (main) [] o.a.l.s.MemorySegmentIndexInputProvider Using MemorySegmentIndexInput with Java 21; to disable start with -Dorg.apache.lucene.store.MMapDirectory.enableMemorySegments=false
2024-02-03 23:24:17.926 INFO  (main) [] o.a.l.i.v.PanamaVectorizationProvider Java vector incubator API enabled; uses preferredBitSize=256
2024-02-03 23:24:17.929 INFO  (main) [] o.a.s.s.CoreContainerProvider Solr Home: /workspaces/solr-9.4.0/server/solr (source: system property: solr.solr.home)
2024-02-03 23:24:18.023 INFO  (main) [] o.a.s.c.SolrXmlConfig Loading solr.xml from /workspaces/solr-9.4.0/server/solr/solr.xml
2024-02-03 23:24:18.148 INFO  (main) [] o.a.s.c.SolrResourceLoader Added 1 libs to classloader, from paths: [/workspaces/solr-9.4.0/lib]
2024-02-03 23:24:19.665 INFO  (main) [] o.a.s.u.t.SimplePropagator Always-on trace id generation enabled.
2024-02-03 23:24:20.312 WARN  (main) [] o.a.s.u.StartupLoggingUtils Jetty request logging enabled. Will retain logs for last 3 days. See chapter "Configuring Logging" in reference guide for how to configure.
2024-02-03 23:24:20.314 WARN  (main) [] o.a.s.c.CoreContainer Not all security plugins configured!  authentication=disabled authorization=disabled.  Solr is only as secure as you make it. Consider configuring authentication/authorization before exposing Solr to users internal or external.  See https://s.apache.org/solrsecurity for more info
2024-02-03 23:24:20.593 INFO  (main) [] o.a.s.c.CorePropertiesLocator Found 8 core definitions underneath /workspaces/solr-9.4.0/server/solr
2024-02-03 23:24:20.594 INFO  (main) [] o.a.s.c.CorePropertiesLocator Cores are: [contact, review, like, users, content, helpFull, reply, apiKey]
2024-02-03 23:24:20.633 WARN  (coreLoadExecutor-11-thread-2) [ x:review] o.a.s.c.SolrConfig You should not use LATEST as luceneMatchVersion property: if you use this setting, and then Solr upgrades to a newer release of Lucene, sizable changes may happen. If precise back compatibility is important then you should instead explicitly specify an actual Lucene version.
2024-02-03 23:24:20.630 INFO  (coreLoadExecutor-11-thread-1) [ x:contact] o.a.s.c.SolrConfig Using Lucene MatchVersion: 9.8.0
2024-02-03 23:24:20.633 INFO  (coreLoadExecutor-11-thread-2) [ x:review] o.a.s.c.SolrConfig Using Lucene MatchVersion: 9.8.0
2024-02-03 23:24:20.640 INFO  (coreLoadExecutor-11-thread-3) [ x:like] o.a.s.c.SolrConfig Using Lucene MatchVersion: 9.8.0
2024-02-03 23:24:20.672 WARN  (coreLoadExecutor-11-thread-1) [ x:contact] o.a.s.c.SolrConfig Ignored deprecated enableRemoteStreaming in config; use sys-prop
2024-02-03 23:24:20.672 WARN  (coreLoadExecutor-11-thread-3) [ x:like] o.a.s.c.SolrConfig Ignored deprecated enableRemoteStreaming in config; use sys-prop
2024-02-03 23:24:20.675 WARN  (coreLoadExecutor-11-thread-2) [ x:review] o.a.s.c.SolrConfig Ignored deprecated enableRemoteStreaming in config; use sys-prop
2024-02-03 23:24:20.689 WARN  (coreLoadExecutor-11-thread-2) [ x:review] o.a.s.s.ManagedIndexSchemaFactory The schema has been upgraded to managed, but the non-managed schema schema.xml is still loadable.  PLEASE REMOVE THIS FILE.
2024-02-03 23:24:20.715 INFO  (coreLoadExecutor-11-thread-1) [ x:contact] o.a.s.s.IndexSchema Schema name=test
2024-02-03 23:24:20.717 INFO  (coreLoadExecutor-11-thread-2) [ x:review] o.a.s.s.IndexSchema Schema name=test
2024-02-03 23:24:20.723 INFO  (coreLoadExecutor-11-thread-3) [ x:like] o.a.s.s.IndexSchema Schema name=test
2024-02-03 23:24:20.751 WARN  (coreLoadExecutor-11-thread-1) [ x:contact] o.a.s.D.s.TrieDoubleField Solr loaded a deprecated plugin/analysis class [solr.TrieDoubleField]. Please consult documentation how to replace it accordingly.
2024-02-03 23:24:20.756 WARN  (coreLoadExecutor-11-thread-1) [ x:contact] o.a.s.D.s.TrieDateField Solr loaded a deprecated plugin/analysis class [solr.TrieDateField]. Please consult documentation how to replace it accordingly.
2024-02-03 23:24:20.757 WARN  (coreLoadExecutor-11-thread-1) [ x:contact] o.a.s.D.s.TrieIntField Solr loaded a deprecated plugin/analysis class [solr.TrieIntField]. Please consult documentation how to replace it accordingly.
2024-02-03 23:24:20.783 INFO  (coreLoadExecutor-11-thread-1) [ x:contact] o.a.s.s.IndexSchema Loaded schema test/1.6 with uniqueid field Id
2024-02-03 23:24:20.783 INFO  (coreLoadExecutor-11-thread-1) [ x:contact] o.a.s.c.CoreContainer Creating SolrCore 'contact' using configuration from instancedir /workspaces/solr-9.4.0/server/solr/contact, trusted=true
2024-02-03 23:24:20.785 INFO  (coreLoadExecutor-11-thread-2) [ x:review] o.a.s.s.IndexSchema Loaded schema test/1.6 with uniqueid field ID
2024-02-03 23:24:20.786 INFO  (coreLoadExecutor-11-thread-2) [ x:review] o.a.s.c.CoreContainer Creating SolrCore 'review' using configuration from instancedir /workspaces/solr-9.4.0/server/solr/review, trusted=true
2024-02-03 23:24:20.786 INFO  (coreLoadExecutor-11-thread-3) [ x:like] o.a.s.s.IndexSchema Loaded schema test/1.6 with uniqueid field ID
2024-02-03 23:24:20.786 INFO  (coreLoadExecutor-11-thread-3) [ x:like] o.a.s.c.CoreContainer Creating SolrCore 'like' using configuration from instancedir /workspaces/solr-9.4.0/server/solr/like, trusted=true
2024-02-03 23:24:20.821 INFO  (coreLoadExecutor-11-thread-1) [ x:contact] o.a.s.c.SolrCore Opening new SolrCore at [/workspaces/solr-9.4.0/server/solr/contact], dataDir=[/workspaces/solr-9.4.0/server/solr/contact/data/]
2024-02-03 23:24:20.824 INFO  (coreLoadExecutor-11-thread-3) [ x:like] o.a.s.c.SolrCore Opening new SolrCore at [/workspaces/solr-9.4.0/server/solr/like], dataDir=[/workspaces/solr-9.4.0/server/solr/like/data/]
2024-02-03 23:24:20.825 INFO  (coreLoadExecutor-11-thread-2) [ x:review] o.a.s.c.SolrCore Opening new SolrCore at [/workspaces/solr-9.4.0/server/solr/review], dataDir=[/workspaces/solr-9.4.0/server/solr/review/data/]
2024-02-03 23:24:21.071 WARN  (main) [] o.g.j.m.i.MessagingBinders A class javax.activation.DataSource for a default provider MessageBodyWriter<javax.activation.DataSource> was not found. The provider is not available.
2024-02-03 23:24:21.421 WARN  (coreLoadExecutor-11-thread-3) [ x:like] o.a.s.D.s.StandardRequestHandler Solr loaded a deprecated plugin/analysis class [solr.StandardRequestHandler]. Please consult documentation how to replace it accordingly.
2024-02-03 23:24:21.715 INFO  (coreLoadExecutor-11-thread-2) [ x:review] o.a.s.j.SolrRequestAuthorizer Creating a new SolrRequestAuthorizer
2024-02-03 23:24:21.715 INFO  (coreLoadExecutor-11-thread-3) [ x:like] o.a.s.j.SolrRequestAuthorizer Creating a new SolrRequestAuthorizer
2024-02-03 23:24:21.715 INFO  (coreLoadExecutor-11-thread-1) [ x:contact] o.a.s.j.SolrRequestAuthorizer Creating a new SolrRequestAuthorizer
2024-02-03 23:24:21.776 INFO  (main) [] o.a.s.j.SolrRequestAuthorizer Creating a new SolrRequestAuthorizer
2024-02-03 23:24:21.827 INFO  (coreLoadExecutor-11-thread-3) [ x:like] o.a.s.u.CommitTracker Hard AutoCommit: disabled
2024-02-03 23:24:21.827 INFO  (coreLoadExecutor-11-thread-2) [ x:review] o.a.s.u.CommitTracker Hard AutoCommit: disabled
2024-02-03 23:24:21.828 INFO  (coreLoadExecutor-11-thread-2) [ x:review] o.a.s.u.CommitTracker Soft AutoCommit: disabled
2024-02-03 23:24:21.828 INFO  (coreLoadExecutor-11-thread-3) [ x:like] o.a.s.u.CommitTracker Soft AutoCommit: disabled
2024-02-03 23:24:21.835 INFO  (coreLoadExecutor-11-thread-1) [ x:contact] o.a.s.u.CommitTracker Hard AutoCommit: disabled
2024-02-03 23:24:21.835 INFO  (coreLoadExecutor-11-thread-1) [ x:contact] o.a.s.u.CommitTracker Soft AutoCommit: disabled
2024-02-03 23:24:22.098 INFO  (main) [] o.e.j.s.h.ContextHandler Started o.e.j.w.WebAppContext@66d23e4a{solr-jetty-context.xml,/solr,file:///workspaces/solr-9.4.0/server/solr-webapp/webapp/,AVAILABLE}{/workspaces/solr-9.4.0/server/solr-webapp/webapp}
2024-02-03 23:24:22.136 INFO  (main) [] o.e.j.s.RequestLogWriter Opened /workspaces/solr-9.4.0/server/logs/2024_02_03.request.log
2024-02-03 23:24:22.145 INFO  (coreLoadExecutor-11-thread-1) [ x:contact] o.a.s.r.ManagedResourceStorage File-based storage initialized to use dir: /workspaces/solr-9.4.0/server/solr/contact/conf
2024-02-03 23:24:22.145 INFO  (coreLoadExecutor-11-thread-3) [ x:like] o.a.s.r.ManagedResourceStorage File-based storage initialized to use dir: /workspaces/solr-9.4.0/server/solr/like/conf
2024-02-03 23:24:22.151 INFO  (main) [] o.e.j.s.AbstractConnector Started ServerConnector@77602954{HTTP/1.1, (http/1.1, h2c)}{127.0.0.1:8983}
2024-02-03 23:24:22.153 INFO  (main) [] o.e.j.s.Server Started Server@452ba1db{STARTING}[10.0.17,sto=0] @9347ms
2024-02-03 23:24:22.165 INFO  (coreLoadExecutor-11-thread-3) [ x:like] o.a.s.h.ReplicationHandler Commits will be reserved for 10000 ms
2024-02-03 23:24:22.166 INFO  (coreLoadExecutor-11-thread-1) [ x:contact] o.a.s.h.ReplicationHandler Commits will be reserved for 10000 ms
2024-02-03 23:24:22.174 INFO  (searcherExecutor-15-thread-1-processing-contact) [ x:contact] o.a.s.c.SolrCore Registered new searcher autowarm time: 0 ms
2024-02-03 23:24:22.178 INFO  (searcherExecutor-17-thread-1-processing-like) [ x:like] o.a.s.c.SolrCore Registered new searcher autowarm time: 0 ms
2024-02-03 23:24:22.184 INFO  (coreLoadExecutor-11-thread-3) [ x:users] o.a.s.c.SolrConfig Using Lucene MatchVersion: 9.8.0
2024-02-03 23:24:22.184 WARN  (coreLoadExecutor-11-thread-3) [ x:users] o.a.s.c.SolrConfig Ignored deprecated enableRemoteStreaming in config; use sys-prop
2024-02-03 23:24:22.185 WARN  (coreLoadExecutor-11-thread-3) [ x:users] o.a.s.s.ManagedIndexSchemaFactory The schema has been upgraded to managed, but the non-managed schema schema.xml is still loadable.  PLEASE REMOVE THIS FILE.
2024-02-03 23:24:22.185 INFO  (coreLoadExecutor-11-thread-1) [ x:content] o.a.s.c.SolrConfig Using Lucene MatchVersion: 9.8.0
2024-02-03 23:24:22.186 WARN  (coreLoadExecutor-11-thread-1) [ x:content] o.a.s.c.SolrConfig Ignored deprecated enableRemoteStreaming in config; use sys-prop
2024-02-03 23:24:22.187 WARN  (coreLoadExecutor-11-thread-1) [ x:content] o.a.s.s.ManagedIndexSchemaFactory The schema has been upgraded to managed, but the non-managed schema schema.xml is still loadable.  PLEASE REMOVE THIS FILE.
2024-02-03 23:24:22.190 INFO  (coreLoadExecutor-11-thread-1) [ x:content] o.a.s.s.IndexSchema Schema name=test
2024-02-03 23:24:22.192 INFO  (coreLoadExecutor-11-thread-1) [ x:content] o.a.s.s.IndexSchema Loaded schema test/1.6 with uniqueid field ID
2024-02-03 23:24:22.193 INFO  (coreLoadExecutor-11-thread-1) [ x:content] o.a.s.c.CoreContainer Creating SolrCore 'content' using configuration from instancedir /workspaces/solr-9.4.0/server/solr/content, trusted=true
2024-02-03 23:24:22.194 INFO  (coreLoadExecutor-11-thread-1) [ x:content] o.a.s.c.SolrCore Opening new SolrCore at [/workspaces/solr-9.4.0/server/solr/content], dataDir=[/workspaces/solr-9.4.0/server/solr/content/data/]
2024-02-03 23:24:22.199 INFO  (coreLoadExecutor-11-thread-3) [ x:users] o.a.s.s.IndexSchema Schema name=test
2024-02-03 23:24:22.200 INFO  (coreLoadExecutor-11-thread-3) [ x:users] o.a.s.s.IndexSchema Loaded schema test/1.6 with uniqueid field ID
2024-02-03 23:24:22.200 INFO  (coreLoadExecutor-11-thread-3) [ x:users] o.a.s.c.CoreContainer Creating SolrCore 'users' using configuration from instancedir /workspaces/solr-9.4.0/server/solr/users, trusted=true
2024-02-03 23:24:22.201 INFO  (coreLoadExecutor-11-thread-3) [ x:users] o.a.s.c.SolrCore Opening new SolrCore at [/workspaces/solr-9.4.0/server/solr/users], dataDir=[/workspaces/solr-9.4.0/server/solr/users/data/]
2024-02-03 23:24:22.267 INFO  (coreLoadExecutor-11-thread-2) [ x:review] o.a.s.r.ManagedResourceStorage File-based storage initialized to use dir: /workspaces/solr-9.4.0/server/solr/review/conf
2024-02-03 23:24:22.268 INFO  (coreLoadExecutor-11-thread-2) [ x:review] o.a.s.h.ReplicationHandler Commits will be reserved for 10000 ms
2024-02-03 23:24:22.273 INFO  (searcherExecutor-13-thread-1-processing-review) [ x:review] o.a.s.c.SolrCore Registered new searcher autowarm time: 0 ms
2024-02-03 23:24:22.281 INFO  (coreLoadExecutor-11-thread-2) [ x:helpFull] o.a.s.c.SolrConfig Using Lucene MatchVersion: 9.8.0
2024-02-03 23:24:22.289 WARN  (coreLoadExecutor-11-thread-2) [ x:helpFull] o.a.s.c.SolrConfig Ignored deprecated enableRemoteStreaming in config; use sys-prop
2024-02-03 23:24:22.289 WARN  (coreLoadExecutor-11-thread-2) [ x:helpFull] o.a.s.s.ManagedIndexSchemaFactory The schema has been upgraded to managed, but the non-managed schema schema.xml is still loadable.  PLEASE REMOVE THIS FILE.
2024-02-03 23:24:22.295 INFO  (coreLoadExecutor-11-thread-2) [ x:helpFull] o.a.s.s.IndexSchema Schema name=test
2024-02-03 23:24:22.296 INFO  (coreLoadExecutor-11-thread-2) [ x:helpFull] o.a.s.s.IndexSchema Loaded schema test/1.6 with uniqueid field ID
2024-02-03 23:24:22.296 INFO  (coreLoadExecutor-11-thread-2) [ x:helpFull] o.a.s.c.CoreContainer Creating SolrCore 'helpFull' using configuration from instancedir /workspaces/solr-9.4.0/server/solr/helpFull, trusted=true
2024-02-03 23:24:22.296 INFO  (coreLoadExecutor-11-thread-2) [ x:helpFull] o.a.s.c.SolrCore Opening new SolrCore at [/workspaces/solr-9.4.0/server/solr/helpFull], dataDir=[/workspaces/solr-9.4.0/server/solr/helpFull/data/]
2024-02-03 23:24:22.346 INFO  (coreLoadExecutor-11-thread-1) [ x:content] o.a.s.j.SolrRequestAuthorizer Creating a new SolrRequestAuthorizer
2024-02-03 23:24:22.357 INFO  (coreLoadExecutor-11-thread-3) [ x:users] o.a.s.j.SolrRequestAuthorizer Creating a new SolrRequestAuthorizer
2024-02-03 23:24:22.381 INFO  (coreLoadExecutor-11-thread-1) [ x:content] o.a.s.u.CommitTracker Hard AutoCommit: disabled
2024-02-03 23:24:22.381 INFO  (coreLoadExecutor-11-thread-1) [ x:content] o.a.s.u.CommitTracker Soft AutoCommit: disabled
2024-02-03 23:24:22.402 INFO  (coreLoadExecutor-11-thread-3) [ x:users] o.a.s.u.CommitTracker Hard AutoCommit: disabled
2024-02-03 23:24:22.402 INFO  (coreLoadExecutor-11-thread-3) [ x:users] o.a.s.u.CommitTracker Soft AutoCommit: disabled
2024-02-03 23:24:22.441 INFO  (coreLoadExecutor-11-thread-2) [ x:helpFull] o.a.s.j.SolrRequestAuthorizer Creating a new SolrRequestAuthorizer
2024-02-03 23:24:22.460 INFO  (coreLoadExecutor-11-thread-3) [ x:users] o.a.s.r.ManagedResourceStorage File-based storage initialized to use dir: /workspaces/solr-9.4.0/server/solr/users/conf
2024-02-03 23:24:22.462 INFO  (coreLoadExecutor-11-thread-3) [ x:users] o.a.s.h.ReplicationHandler Commits will be reserved for 10000 ms
2024-02-03 23:24:22.464 INFO  (searcherExecutor-30-thread-1-processing-users) [ x:users] o.a.s.c.SolrCore Registered new searcher autowarm time: 0 ms
2024-02-03 23:24:22.469 INFO  (coreLoadExecutor-11-thread-2) [ x:helpFull] o.a.s.u.CommitTracker Hard AutoCommit: disabled
2024-02-03 23:24:22.469 INFO  (coreLoadExecutor-11-thread-2) [ x:helpFull] o.a.s.u.CommitTracker Soft AutoCommit: disabled
2024-02-03 23:24:22.479 INFO  (coreLoadExecutor-11-thread-3) [ x:reply] o.a.s.c.SolrConfig Using Lucene MatchVersion: 9.8.0
2024-02-03 23:24:22.480 WARN  (coreLoadExecutor-11-thread-3) [ x:reply] o.a.s.c.SolrConfig Ignored deprecated enableRemoteStreaming in config; use sys-prop
2024-02-03 23:24:22.490 INFO  (coreLoadExecutor-11-thread-3) [ x:reply] o.a.s.s.IndexSchema Schema name=test
2024-02-03 23:24:22.491 INFO  (coreLoadExecutor-11-thread-3) [ x:reply] o.a.s.s.IndexSchema Loaded schema test/1.6 with uniqueid field ID
2024-02-03 23:24:22.492 INFO  (coreLoadExecutor-11-thread-3) [ x:reply] o.a.s.c.CoreContainer Creating SolrCore 'reply' using configuration from instancedir /workspaces/solr-9.4.0/server/solr/reply, trusted=true
2024-02-03 23:24:22.492 INFO  (coreLoadExecutor-11-thread-3) [ x:reply] o.a.s.c.SolrCore Opening new SolrCore at [/workspaces/solr-9.4.0/server/solr/reply], dataDir=[/workspaces/solr-9.4.0/server/solr/reply/data/]
2024-02-03 23:24:22.540 INFO  (coreLoadExecutor-11-thread-2) [ x:helpFull] o.a.s.r.ManagedResourceStorage File-based storage initialized to use dir: /workspaces/solr-9.4.0/server/solr/helpFull/conf
2024-02-03 23:24:22.542 INFO  (coreLoadExecutor-11-thread-2) [ x:helpFull] o.a.s.h.ReplicationHandler Commits will be reserved for 10000 ms
2024-02-03 23:24:22.545 INFO  (searcherExecutor-34-thread-1-processing-helpFull) [ x:helpFull] o.a.s.c.SolrCore Registered new searcher autowarm time: 0 ms
2024-02-03 23:24:22.550 INFO  (coreLoadExecutor-11-thread-2) [ x:apiKey] o.a.s.c.SolrConfig Using Lucene MatchVersion: 9.8.0
2024-02-03 23:24:22.553 WARN  (coreLoadExecutor-11-thread-2) [ x:apiKey] o.a.s.c.SolrConfig Ignored deprecated enableRemoteStreaming in config; use sys-prop
2024-02-03 23:24:22.554 WARN  (coreLoadExecutor-11-thread-2) [ x:apiKey] o.a.s.s.ManagedIndexSchemaFactory The schema has been upgraded to managed, but the non-managed schema schema.xml is still loadable.  PLEASE REMOVE THIS FILE.
2024-02-03 23:24:22.562 INFO  (coreLoadExecutor-11-thread-2) [ x:apiKey] o.a.s.s.IndexSchema Schema name=test
2024-02-03 23:24:22.564 INFO  (coreLoadExecutor-11-thread-2) [ x:apiKey] o.a.s.s.IndexSchema Loaded schema test/1.6 with uniqueid field ID
2024-02-03 23:24:22.566 INFO  (coreLoadExecutor-11-thread-2) [ x:apiKey] o.a.s.c.CoreContainer Creating SolrCore 'apiKey' using configuration from instancedir /workspaces/solr-9.4.0/server/solr/apiKey, trusted=true
2024-02-03 23:24:22.569 INFO  (coreLoadExecutor-11-thread-2) [ x:apiKey] o.a.s.c.SolrCore Opening new SolrCore at [/workspaces/solr-9.4.0/server/solr/apiKey], dataDir=[/workspaces/solr-9.4.0/server/solr/apiKey/data/]
2024-02-03 23:24:22.603 INFO  (coreLoadExecutor-11-thread-1) [ x:content] o.a.s.r.ManagedResourceStorage File-based storage initialized to use dir: /workspaces/solr-9.4.0/server/solr/content/conf
2024-02-03 23:24:22.604 INFO  (coreLoadExecutor-11-thread-1) [ x:content] o.a.s.h.ReplicationHandler Commits will be reserved for 10000 ms
2024-02-03 23:24:22.614 INFO  (searcherExecutor-28-thread-1-processing-content) [ x:content] o.a.s.c.SolrCore Registered new searcher autowarm time: 0 ms
2024-02-03 23:24:22.631 INFO  (coreLoadExecutor-11-thread-3) [ x:reply] o.a.s.j.SolrRequestAuthorizer Creating a new SolrRequestAuthorizer
2024-02-03 23:24:22.650 INFO  (coreLoadExecutor-11-thread-3) [ x:reply] o.a.s.u.CommitTracker Hard AutoCommit: disabled
2024-02-03 23:24:22.650 INFO  (coreLoadExecutor-11-thread-3) [ x:reply] o.a.s.u.CommitTracker Soft AutoCommit: disabled
2024-02-03 23:24:22.667 INFO  (coreLoadExecutor-11-thread-3) [ x:reply] o.a.s.r.ManagedResourceStorage File-based storage initialized to use dir: /workspaces/solr-9.4.0/server/solr/reply/conf
2024-02-03 23:24:22.668 INFO  (coreLoadExecutor-11-thread-3) [ x:reply] o.a.s.h.ReplicationHandler Commits will be reserved for 10000 ms
2024-02-03 23:24:22.670 INFO  (searcherExecutor-43-thread-1-processing-reply) [ x:reply] o.a.s.c.SolrCore Registered new searcher autowarm time: 0 ms
2024-02-03 23:24:22.736 INFO  (coreLoadExecutor-11-thread-2) [ x:apiKey] o.a.s.j.SolrRequestAuthorizer Creating a new SolrRequestAuthorizer
2024-02-03 23:24:22.753 INFO  (coreLoadExecutor-11-thread-2) [ x:apiKey] o.a.s.u.CommitTracker Hard AutoCommit: disabled
2024-02-03 23:24:22.754 INFO  (coreLoadExecutor-11-thread-2) [ x:apiKey] o.a.s.u.CommitTracker Soft AutoCommit: disabled
2024-02-03 23:24:22.777 INFO  (coreLoadExecutor-11-thread-2) [ x:apiKey] o.a.s.r.ManagedResourceStorage File-based storage initialized to use dir: /workspaces/solr-9.4.0/server/solr/apiKey/conf
2024-02-03 23:24:22.779 INFO  (coreLoadExecutor-11-thread-2) [ x:apiKey] o.a.s.h.ReplicationHandler Commits will be reserved for 10000 ms
2024-02-03 23:24:22.781 INFO  (searcherExecutor-46-thread-1-processing-apiKey) [ x:apiKey] o.a.s.c.SolrCore Registered new searcher autowarm time: 0 ms
2024-02-03 23:24:32.717 INFO  (qtp1866229258-26) [ t:localhost-3] o.a.s.s.HttpSolrCall [admin] webapp=null path=/admin/cores params={indexInfo=false&wt=json&_=1707002672527} status=0 QTime=6
2024-02-03 23:24:32.764 INFO  (qtp1866229258-23) [ t:localhost-2] o.a.s.s.HttpSolrCall [admin] webapp=null path=/admin/info/system params={wt=json&_=1707002672527} status=0 QTime=57
2024-02-03 23:24:32.856 INFO  (qtp1866229258-30) [ t:localhost-4] o.a.s.s.HttpSolrCall [admin] webapp=null path=/admin/info/system params={wt=json&_=1707002672527} status=0 QTime=12
2024-02-03 23:24:37.816 INFO  (qtp1866229258-30) [ x:reply t:localhost-5] o.a.s.c.S.Request webapp=/solr path=/replication params={wt=json&command=details&_=1707002677725} status=0 QTime=5
2024-02-03 23:24:37.827 INFO  (qtp1866229258-31) [ x:reply t:localhost-7] o.a.s.c.S.Request webapp=/solr path=/admin/ping params={action=status&wt=json&_=1707002672527&ts=1707002672527} status=503 QTime=7
2024-02-03 23:24:37.831 INFO  (qtp1866229258-25) [ x:reply t:localhost-8] o.a.s.c.S.Request webapp=/solr path=/admin/luke params={numTerms=0&show=index&wt=json&_=1707002677725} status=0 QTime=1
2024-02-03 23:24:37.856 INFO  (qtp1866229258-27) [ t:localhost-9] o.a.s.s.HttpSolrCall [admin] webapp=null path=/admin/info/system params={wt=json&_=1707002672527} status=0 QTime=10
2024-02-03 23:24:37.860 INFO  (qtp1866229258-26) [ x:reply t:localhost-6] o.a.s.c.S.Request webapp=/solr path=/admin/system params={wt=json&_=1707002677725} status=0 QTime=44
2024-02-03 23:24:37.923 INFO  (qtp1866229258-25) [ t:localhost-10] o.a.s.s.HttpSolrCall [admin] webapp=null path=/admin/cores params={indexInfo=false&wt=json&_=1707002672527} status=0 QTime=0
2024-02-03 23:24:39.473 INFO  (qtp1866229258-31) [ t:localhost-11] o.a.s.s.HttpSolrCall [admin] webapp=null path=/admin/cores params={indexInfo=false&wt=json&_=1707002672527} status=0 QTime=0
2024-02-03 23:24:39.482 INFO  (qtp1866229258-25) [ x:reply t:localhost-13] o.a.s.c.S.Request webapp=/solr path=/config/params params={wt=json&_=1707002679391} status=0 QTime=4
2024-02-03 23:24:39.491 INFO  (qtp1866229258-30) [ t:localhost-12] o.a.s.s.HttpSolrCall [admin] webapp=null path=/admin/info/system params={wt=json&_=1707002672527} status=0 QTime=17
2024-02-03 23:24:41.487 INFO  (qtp1866229258-29) [ t:localhost-14] o.a.s.s.HttpSolrCall [admin] webapp=null path=/admin/cores params={indexInfo=false&wt=json&_=1707002672527} status=0 QTime=0
2024-02-03 23:24:41.503 INFO  (qtp1866229258-26) [ t:localhost-17] o.a.s.s.HttpSolrCall [admin] webapp=null path=/admin/info/system params={wt=json&_=1707002672527} status=0 QTime=13
2024-02-03 23:24:41.524 INFO  (qtp1866229258-32) [ x:reply t:localhost-16] o.a.s.c.S.Request webapp=/solr path=/select params={q=*:*&indent=true&q.op=OR&useParams=&_=1707002679391} hits=0 status=0 QTime=34
2024-02-03 23:24:51.478 INFO  (qtp1866229258-27) [ x:users t:localhost-18] o.a.s.c.S.Request webapp=/solr path=/admin/luke params={numTerms=0&show=index&wt=json&_=1707002677725} status=0 QTime=0
2024-02-03 23:24:51.480 INFO  (qtp1866229258-23) [ t:localhost-19] o.a.s.s.HttpSolrCall [admin] webapp=null path=/admin/cores params={indexInfo=false&wt=json&_=1707002672527} status=0 QTime=0
2024-02-03 23:24:51.480 INFO  (qtp1866229258-31) [ x:users t:localhost-20] o.a.s.c.S.Request webapp=/solr path=/admin/ping params={action=status&wt=json&_=1707002672527&ts=1707002672527} status=503 QTime=0
2024-02-03 23:24:51.490 INFO  (qtp1866229258-23) [ t:localhost-21] o.a.s.s.HttpSolrCall [admin] webapp=null path=/admin/info/system params={wt=json&_=1707002672527} status=0 QTime=6
2024-02-03 23:24:51.490 INFO  (qtp1866229258-28) [ x:users t:localhost-23] o.a.s.c.S.Request webapp=/solr path=/replication params={wt=json&command=details&_=1707002677725} status=0 QTime=1
2024-02-03 23:24:51.495 INFO  (qtp1866229258-25) [ x:users t:localhost-22] o.a.s.c.S.Request webapp=/solr path=/admin/system params={wt=json&_=1707002677725} status=0 QTime=10
2024-02-03 23:24:54.499 INFO  (qtp1866229258-27) [ t:localhost-24] o.a.s.s.HttpSolrCall [admin] webapp=null path=/admin/cores params={indexInfo=false&wt=json&_=1707002672527} status=0 QTime=0
2024-02-03 23:24:54.503 INFO  (qtp1866229258-31) [ x:helpFull t:localhost-25] o.a.s.c.S.Request webapp=/solr path=/admin/ping params={action=status&wt=json&_=1707002672527&ts=1707002672527} status=503 QTime=0
2024-02-03 23:24:54.506 INFO  (qtp1866229258-32) [ x:helpFull t:localhost-27] o.a.s.c.S.Request webapp=/solr path=/admin/luke params={numTerms=0&show=index&wt=json&_=1707002677725} status=0 QTime=0
2024-02-03 23:24:54.509 INFO  (qtp1866229258-27) [ x:helpFull t:localhost-26] o.a.s.c.S.Request webapp=/solr path=/replication params={wt=json&command=details&_=1707002677725} status=0 QTime=5
2024-02-03 23:24:54.516 INFO  (qtp1866229258-30) [ x:helpFull t:localhost-29] o.a.s.c.S.Request webapp=/solr path=/admin/system params={wt=json&_=1707002677725} status=0 QTime=6
2024-02-03 23:24:54.533 INFO  (qtp1866229258-32) [ t:localhost-28] o.a.s.s.HttpSolrCall [admin] webapp=null path=/admin/info/system params={wt=json&_=1707002672527} status=0 QTime=25
2024-02-03 23:24:55.531 INFO  (qtp1866229258-29) [ x:helpFull t:localhost-30] o.a.s.c.S.Request webapp=/solr path=/config/params params={wt=json&_=1707002679391} status=0 QTime=0
2024-02-03 23:24:55.531 INFO  (qtp1866229258-26) [ t:localhost-31] o.a.s.s.HttpSolrCall [admin] webapp=null path=/admin/cores params={indexInfo=false&wt=json&_=1707002672527} status=0 QTime=0
2024-02-03 23:24:55.544 INFO  (qtp1866229258-28) [ t:localhost-32] o.a.s.s.HttpSolrCall [admin] webapp=null path=/admin/info/system params={wt=json&_=1707002672527} status=0 QTime=10
2024-02-03 23:24:57.186 INFO  (qtp1866229258-23) [ t:localhost-33] o.a.s.s.HttpSolrCall [admin] webapp=null path=/admin/cores params={indexInfo=false&wt=json&_=1707002672527} status=0 QTime=0
2024-02-03 23:24:57.192 INFO  (qtp1866229258-31) [ t:localhost-34] o.a.s.s.HttpSolrCall [admin] webapp=null path=/admin/info/system params={wt=json&_=1707002672527} status=0 QTime=6
2024-02-03 23:24:57.194 INFO  (qtp1866229258-25) [ x:helpFull t:localhost-35] o.a.s.c.S.Request webapp=/solr path=/config/params params={wt=json&_=1707002679391} status=0 QTime=0
2024-02-03 23:24:57.203 INFO  (qtp1866229258-23) [ x:helpFull t:localhost-36] o.a.s.c.S.Request webapp=/solr path=/select params={q=*:*&indent=true&q.op=OR&useParams=&_=1707002679391} hits=7 status=0 QTime=6
2024-02-03 23:25:00.683 INFO  (qtp1866229258-27) [ t:localhost-37] o.a.s.s.HttpSolrCall [admin] webapp=null path=/admin/cores params={indexInfo=false&wt=json&_=1707002672527} status=0 QTime=0
2024-02-03 23:25:00.689 INFO  (qtp1866229258-27) [ x:reply t:localhost-39] o.a.s.c.S.Request webapp=/solr path=/admin/ping params={action=status&wt=json&_=1707002672527&ts=1707002672527} status=503 QTime=0
2024-02-03 23:25:00.691 INFO  (qtp1866229258-28) [ x:reply t:localhost-41] o.a.s.c.S.Request webapp=/solr path=/replication params={wt=json&command=details&_=1707002677725} status=0 QTime=0
2024-02-03 23:25:00.700 INFO  (qtp1866229258-30) [ x:reply t:localhost-40] o.a.s.c.S.Request webapp=/solr path=/admin/system params={wt=json&_=1707002677725} status=0 QTime=10
2024-02-03 23:25:00.706 INFO  (qtp1866229258-25) [ t:localhost-38] o.a.s.s.HttpSolrCall [admin] webapp=null path=/admin/info/system params={wt=json&_=1707002672527} status=0 QTime=20
2024-02-03 23:25:02.228 INFO  (qtp1866229258-32) [ t:localhost-43] o.a.s.s.HttpSolrCall [admin] webapp=null path=/admin/cores params={indexInfo=false&wt=json&_=1707002672527} status=0 QTime=0
2024-02-03 23:25:02.242 INFO  (qtp1866229258-26) [ t:localhost-45] o.a.s.s.HttpSolrCall [admin] webapp=null path=/admin/info/system params={wt=json&_=1707002672527} status=0 QTime=8
2024-02-03 23:25:03.863 INFO  (qtp1866229258-32) [ t:localhost-46] o.a.s.s.HttpSolrCall [admin] webapp=null path=/admin/cores params={indexInfo=false&wt=json&_=1707002672527} status=0 QTime=0
2024-02-03 23:25:03.872 INFO  (qtp1866229258-26) [ t:localhost-47] o.a.s.s.HttpSolrCall [admin] webapp=null path=/admin/info/system params={wt=json&_=1707002672527} status=0 QTime=8
2024-02-03 23:25:19.959 INFO  (qtp1866229258-32) [ t:localhost-49] o.a.s.s.HttpSolrCall [admin] webapp=null path=/admin/cores params={indexInfo=false&wt=json&_=1707002672527} status=0 QTime=0
2024-02-03 23:25:19.968 INFO  (qtp1866229258-29) [ t:localhost-50] o.a.s.s.HttpSolrCall [admin] webapp=null path=/admin/info/system params={wt=json&_=1707002672527} status=0 QTime=9
2024-02-03 23:25:20.219 INFO  (qtp1866229258-23) [ x:reply t:localhost-51] o.a.s.c.S.Request webapp=/solr path=/admin/luke params={show=schema&wt=json&_=1707002677725} status=0 QTime=2
2024-02-03 23:25:26.545 INFO  (qtp1866229258-32) [ x:reply t:localhost-52] o.a.s.u.p.LogUpdateProcessorFactory webapp=/solr path=/update params={commitWithin=10&overwrite=true&wt=json&_=1707002677725}{add=[0b5e6d28-14c3-4497-82b9-6de95947f043, 6374d152-9f9a-44df-a85a-1549cf25d256, 277c6c4f-0637-4484-b88a-3e1da1f41e6a, 1cc5dbc8-58cf-4afb-8d0b-109c072a29a2, 364d624e-b860-4988-a862-87f69cc3feb3, 9aed0be8-e538-42e1-ba9d-b21321e9d773, fa2715ff-af37-4924-b7f4-d5d686ecc876]} 0 45
2024-02-03 23:25:26.620 INFO  (searcherExecutor-43-thread-1-processing-reply) [ x:reply] o.a.s.c.SolrCore Registered new searcher autowarm time: 0 ms
2024-02-03 23:25:32.959 INFO  (qtp1866229258-23) [ x:content t:localhost-53] o.a.s.c.S.Request webapp=/solr path=/select params={facet.query=&q=*:*&facet.field=ID&fl=&start=0&fq=&sort=&rows=20&facet=true&wt=xml&version=2.2} hits=7 status=0 QTime=35
2024-02-03 23:25:33.168 INFO  (qtp1866229258-28) [ x:review t:localhost-57] o.a.s.c.S.Request webapp=/solr path=/select params={facet.query=&q=reviewContentId:2111&facet.field=reviewRatting&facet.field=ID&fl=&start=0&fq=&sort=&rows=10&facet=true&wt=xml&version=2.2} hits=1 status=0 QTime=2
2024-02-03 23:25:33.169 INFO  (qtp1866229258-31) [ x:review t:localhost-56] o.a.s.c.S.Request webapp=/solr path=/select params={facet.query=&q=reviewContentId:2&facet.field=reviewRatting&facet.field=ID&fl=&start=0&fq=&sort=&rows=10&facet=true&wt=xml&version=2.2} hits=1 status=0 QTime=3
2024-02-03 23:25:33.172 INFO  (qtp1866229258-23) [ x:review t:localhost-55] o.a.s.c.S.Request webapp=/solr path=/select params={facet.query=&q=reviewContentId:21&facet.field=reviewRatting&facet.field=ID&fl=&start=0&fq=&sort=&rows=10&facet=true&wt=xml&version=2.2} hits=1 status=0 QTime=15
2024-02-03 23:25:33.174 INFO  (qtp1866229258-27) [ x:review t:localhost-58] o.a.s.c.S.Request webapp=/solr path=/select params={facet.query=&q=reviewContentId:23&facet.field=reviewRatting&facet.field=ID&fl=&start=0&fq=&sort=&rows=10&facet=true&wt=xml&version=2.2} hits=1 status=0 QTime=1
2024-02-03 23:25:33.179 INFO  (qtp1866229258-27) [ x:review t:localhost-59] o.a.s.c.S.Request webapp=/solr path=/select params={facet.query=&q=reviewContentId:211&facet.field=reviewRatting&facet.field=ID&fl=&start=0&fq=&sort=&rows=10&facet=true&wt=xml&version=2.2} hits=1 status=0 QTime=2
2024-02-03 23:25:33.179 INFO  (qtp1866229258-31) [ x:review t:localhost-60] o.a.s.c.S.Request webapp=/solr path=/select params={facet.query=&q=reviewContentId:29&facet.field=reviewRatting&facet.field=ID&fl=&start=0&fq=&sort=&rows=10&facet=true&wt=xml&version=2.2} hits=1 status=0 QTime=2
2024-02-03 23:25:33.183 INFO  (qtp1866229258-32) [ x:review t:localhost-54] o.a.s.c.S.Request webapp=/solr path=/select params={facet.query=&q=reviewContentId:1&facet.field=reviewRatting&facet.field=ID&fl=&start=0&fq=&sort=&rows=10&facet=true&wt=xml&version=2.2} hits=1 status=0 QTime=36
2024-02-03 23:25:33.273 INFO  (qtp1866229258-23) [ x:users t:localhost-62] o.a.s.c.S.Request webapp=/solr path=/select params={facet.query=&q=ID:cecea004-1b91-41ae-a21b-176f4254b31e&facet.field=ID&fl=&start=0&fq=&sort=&rows=10&facet=true&wt=xml&version=2.2} hits=1 status=0 QTime=1
2024-02-03 23:25:33.281 INFO  (qtp1866229258-30) [ x:like t:localhost-61] o.a.s.c.S.Request webapp=/solr path=/select params={facet.query=&q=reviewId:afcb04ac-db58-44a5-9df2-33995457ca86+%26%26+contentId:23&facet.field=ID&facet.field=like&fl=&start=0&fq=&sort=&rows=10&facet=true&wt=xml&version=2.2} hits=1 status=0 QTime=12
2024-02-03 23:25:33.285 INFO  (qtp1866229258-28) [ x:like t:localhost-64] o.a.s.c.S.Request webapp=/solr path=/select params={facet.query=&q=reviewId:f1d4ff07-2398-4022-94ee-f1ef2413cfb3+%26%26+contentId:2&facet.field=ID&facet.field=like&fl=&start=0&fq=&sort=&rows=10&facet=true&wt=xml&version=2.2} hits=1 status=0 QTime=7
2024-02-03 23:25:33.285 INFO  (qtp1866229258-30) [ x:reply t:localhost-65] o.a.s.c.S.Request webapp=/solr path=/select params={facet.query=&q=reviewId:96663674-72cc-4bf0-ac0d-cd51a934287d+%26%26+contentId:211&facet.field=ID&fl=&start=0&fq=&sort=&rows=10&facet=true&wt=xml&version=2.2} hits=1 status=0 QTime=1
2024-02-03 23:25:33.286 INFO  (qtp1866229258-25) [ x:like t:localhost-63] o.a.s.c.S.Request webapp=/solr path=/select params={facet.query=&q=reviewId:dd83d168-7b25-47be-a042-e2ecc4fd4db2+%26%26+contentId:2111&facet.field=ID&facet.field=like&fl=&start=0&fq=&sort=&rows=10&facet=true&wt=xml&version=2.2} hits=1 status=0 QTime=9
2024-02-03 23:25:33.299 INFO  (qtp1866229258-26) [ x:helpFull t:localhost-66] o.a.s.c.S.Request webapp=/solr path=/select params={facet.query=&q=reviewId:dd83d168-7b25-47be-a042-e2ecc4fd4db2+%26%26+contentId:2111&facet.field=ID&fl=&start=0&fq=&sort=&rows=10&facet=true&wt=xml&version=2.2} hits=1 status=0 QTime=1
2024-02-03 23:25:33.304 INFO  (qtp1866229258-30) [ x:reply t:localhost-67] o.a.s.c.S.Request webapp=/solr path=/select params={facet.query=&q=reviewId:f1d4ff07-2398-4022-94ee-f1ef2413cfb3+%26%26+contentId:2&facet.field=ID&fl=&start=0&fq=&sort=&rows=10&facet=true&wt=xml&version=2.2} hits=1 status=0 QTime=3
2024-02-03 23:25:33.306 INFO  (qtp1866229258-29) [ x:reply t:localhost-68] o.a.s.c.S.Request webapp=/solr path=/select params={facet.query=&q=reviewId:dd83d168-7b25-47be-a042-e2ecc4fd4db2+%26%26+contentId:2111&facet.field=ID&fl=&start=0&fq=&sort=&rows=10&facet=true&wt=xml&version=2.2} hits=1 status=0 QTime=1
2024-02-03 23:25:33.309 INFO  (qtp1866229258-26) [ x:reply t:localhost-69] o.a.s.c.S.Request webapp=/solr path=/select params={facet.query=&q=reviewId:afcb04ac-db58-44a5-9df2-33995457ca86+%26%26+contentId:23&facet.field=ID&fl=&start=0&fq=&sort=&rows=10&facet=true&wt=xml&version=2.2} hits=1 status=0 QTime=1
2024-02-03 23:25:33.313 INFO  (qtp1866229258-29) [ x:users t:localhost-71] o.a.s.c.S.Request webapp=/solr path=/select params={facet.query=&q=ID:cecea004-1b91-41ae-a21b-176f4254b31e&facet.field=ID&fl=&start=0&fq=&sort=&rows=10&facet=true&wt=xml&version=2.2} hits=1 status=0 QTime=1
2024-02-03 23:25:33.313 INFO  (qtp1866229258-32) [ x:helpFull t:localhost-70] o.a.s.c.S.Request webapp=/solr path=/select params={facet.query=&q=reviewId:f1d4ff07-2398-4022-94ee-f1ef2413cfb3+%26%26+contentId:2&facet.field=ID&fl=&start=0&fq=&sort=&rows=10&facet=true&wt=xml&version=2.2} hits=1 status=0 QTime=1
2024-02-03 23:25:33.315 INFO  (qtp1866229258-27) [ x:reply t:localhost-72] o.a.s.c.S.Request webapp=/solr path=/select params={facet.query=&q=reviewId:f1c275e6-1ac6-4dc4-85dd-bb1c213acedc+%26%26+contentId:29&facet.field=ID&fl=&start=0&fq=&sort=&rows=10&facet=true&wt=xml&version=2.2} hits=1 status=0 QTime=1
2024-02-03 23:25:33.321 INFO  (qtp1866229258-31) [ x:reply t:localhost-74] o.a.s.c.S.Request webapp=/solr path=/select params={facet.query=&q=reviewId:1cf1bc8d-35e7-4977-bfc5-99157caf3ced+%26%26+contentId:1&facet.field=ID&fl=&start=0&fq=&sort=&rows=10&facet=true&wt=xml&version=2.2} hits=1 status=0 QTime=1
2024-02-03 23:25:33.323 INFO  (qtp1866229258-31) [ x:users t:localhost-75] o.a.s.c.S.Request webapp=/solr path=/select params={facet.query=&q=ID:cecea004-1b91-41ae-a21b-176f4254b31e&facet.field=ID&fl=&start=0&fq=&sort=&rows=10&facet=true&wt=xml&version=2.2} hits=1 status=0 QTime=0
2024-02-03 23:25:33.324 INFO  (qtp1866229258-28) [ x:reply t:localhost-73] o.a.s.c.S.Request webapp=/solr path=/select params={facet.query=&q=reviewId:84caa46d-2727-4301-90eb-5e115a05fec6+%26%26+contentId:21&facet.field=ID&fl=&start=0&fq=&sort=&rows=10&facet=true&wt=xml&version=2.2} hits=1 status=0 QTime=5
2024-02-03 23:25:33.356 INFO  (qtp1866229258-32) [ x:helpFull t:localhost-76] o.a.s.c.S.Request webapp=/solr path=/select params={facet.query=&q=reviewId:96663674-72cc-4bf0-ac0d-cd51a934287d+%26%26+contentId:211&facet.field=ID&fl=&start=0&fq=&sort=&rows=10&facet=true&wt=xml&version=2.2} hits=1 status=0 QTime=1
2024-02-03 23:25:33.358 INFO  (qtp1866229258-29) [ x:users t:localhost-77] o.a.s.c.S.Request webapp=/solr path=/select params={facet.query=&q=ID:cecea004-1b91-41ae-a21b-176f4254b31e&facet.field=ID&fl=&start=0&fq=&sort=&rows=10&facet=true&wt=xml&version=2.2} hits=1 status=0 QTime=0
2024-02-03 23:25:33.360 INFO  (qtp1866229258-25) [ x:users t:localhost-79] o.a.s.c.S.Request webapp=/solr path=/select params={facet.query=&q=ID:cecea004-1b91-41ae-a21b-176f4254b31e&facet.field=ID&fl=&start=0&fq=&sort=&rows=10&facet=true&wt=xml&version=2.2} hits=1 status=0 QTime=0
2024-02-03 23:25:33.361 INFO  (qtp1866229258-26) [ x:helpFull t:localhost-78] o.a.s.c.S.Request webapp=/solr path=/select params={facet.query=&q=reviewId:afcb04ac-db58-44a5-9df2-33995457ca86+%26%26+contentId:23&facet.field=ID&fl=&start=0&fq=&sort=&rows=10&facet=true&wt=xml&version=2.2} hits=1 status=0 QTime=1
2024-02-03 23:25:33.363 INFO  (qtp1866229258-23) [ x:like t:localhost-80] o.a.s.c.S.Request webapp=/solr path=/select params={facet.query=&q=reviewId:96663674-72cc-4bf0-ac0d-cd51a934287d+%26%26+contentId:211&facet.field=ID&facet.field=like&fl=&start=0&fq=&sort=&rows=10&facet=true&wt=xml&version=2.2} hits=1 status=0 QTime=1
2024-02-03 23:25:33.389 INFO  (qtp1866229258-32) [ x:like t:localhost-83] o.a.s.c.S.Request webapp=/solr path=/select params={facet.query=&q=reviewId:84caa46d-2727-4301-90eb-5e115a05fec6+%26%26+contentId:21&facet.field=ID&facet.field=like&fl=&start=0&fq=&sort=&rows=10&facet=true&wt=xml&version=2.2} hits=1 status=0 QTime=3
2024-02-03 23:25:33.390 INFO  (qtp1866229258-30) [ x:users t:localhost-82] o.a.s.c.S.Request webapp=/solr path=/select params={facet.query=&q=ID:cecea004-1b91-41ae-a21b-176f4254b31e&facet.field=ID&fl=&start=0&fq=&sort=&rows=10&facet=true&wt=xml&version=2.2} hits=1 status=0 QTime=5
2024-02-03 23:25:33.392 INFO  (qtp1866229258-28) [ x:helpFull t:localhost-84] o.a.s.c.S.Request webapp=/solr path=/select params={facet.query=&q=reviewId:f1c275e6-1ac6-4dc4-85dd-bb1c213acedc+%26%26+contentId:29&facet.field=ID&fl=&start=0&fq=&sort=&rows=10&facet=true&wt=xml&version=2.2} hits=1 status=0 QTime=4
2024-02-03 23:25:33.392 INFO  (qtp1866229258-27) [ x:like t:localhost-86] o.a.s.c.S.Request webapp=/solr path=/select params={facet.query=&q=reviewId:1cf1bc8d-35e7-4977-bfc5-99157caf3ced+%26%26+contentId:1&facet.field=ID&facet.field=like&fl=&start=0&fq=&sort=&rows=10&facet=true&wt=xml&version=2.2} hits=1 status=0 QTime=3
2024-02-03 23:25:33.393 INFO  (qtp1866229258-31) [ x:helpFull t:localhost-85] o.a.s.c.S.Request webapp=/solr path=/select params={facet.query=&q=reviewId:84caa46d-2727-4301-90eb-5e115a05fec6+%26%26+contentId:21&facet.field=ID&fl=&start=0&fq=&sort=&rows=10&facet=true&wt=xml&version=2.2} hits=1 status=0 QTime=4
2024-02-03 23:25:33.395 INFO  (qtp1866229258-26) [ x:like t:localhost-87] o.a.s.c.S.Request webapp=/solr path=/select params={facet.query=&q=reviewId:f1c275e6-1ac6-4dc4-85dd-bb1c213acedc+%26%26+contentId:29&facet.field=ID&facet.field=like&fl=&start=0&fq=&sort=&rows=10&facet=true&wt=xml&version=2.2} hits=1 status=0 QTime=1
2024-02-03 23:25:33.395 INFO  (qtp1866229258-30) [ x:helpFull t:localhost-88] o.a.s.c.S.Request webapp=/solr path=/select params={facet.query=&q=reviewId:1cf1bc8d-35e7-4977-bfc5-99157caf3ced+%26%26+contentId:1&facet.field=ID&fl=&start=0&fq=&sort=&rows=10&facet=true&wt=xml&version=2.2} hits=1 status=0 QTime=0
2024-02-03 23:25:33.398 INFO  (qtp1866229258-29) [ x:users t:localhost-81] o.a.s.c.S.Request webapp=/solr path=/select params={facet.query=&q=ID:cecea004-1b91-41ae-a21b-176f4254b31e&facet.field=ID&fl=&start=0&fq=&sort=&rows=10&facet=true&wt=xml&version=2.2} hits=1 status=0 QTime=15
2024-02-03 23:26:09.541 INFO  (qtp1866229258-25) [ x:content t:localhost-89] o.a.s.c.S.Request webapp=/solr path=/select params={facet.query=&q=*:*&facet.field=ID&fl=&start=0&fq=&sort=&rows=20&facet=true&wt=xml&version=2.2} hits=7 status=0 QTime=1
2024-02-03 23:26:09.619 INFO  (qtp1866229258-25) [ x:review t:localhost-91] o.a.s.c.S.Request webapp=/solr path=/select params={facet.query=&q=reviewContentId:23&facet.field=reviewRatting&facet.field=ID&fl=&start=0&fq=&sort=&rows=10&facet=true&wt=xml&version=2.2} hits=1 status=0 QTime=1
2024-02-03 23:26:09.623 INFO  (qtp1866229258-23) [ x:review t:localhost-92] o.a.s.c.S.Request webapp=/solr path=/select params={facet.query=&q=reviewContentId:2&facet.field=reviewRatting&facet.field=ID&fl=&start=0&fq=&sort=&rows=10&facet=true&wt=xml&version=2.2} hits=1 status=0 QTime=1
2024-02-03 23:26:09.635 INFO  (qtp1866229258-26) [ x:review t:localhost-94] o.a.s.c.S.Request webapp=/solr path=/select params={facet.query=&q=reviewContentId:21&facet.field=reviewRatting&facet.field=ID&fl=&start=0&fq=&sort=&rows=10&facet=true&wt=xml&version=2.2} hits=1 status=0 QTime=6
2024-02-03 23:26:09.636 INFO  (qtp1866229258-27) [ x:review t:localhost-95] o.a.s.c.S.Request webapp=/solr path=/select params={facet.query=&q=reviewContentId:29&facet.field=reviewRatting&facet.field=ID&fl=&start=0&fq=&sort=&rows=10&facet=true&wt=xml&version=2.2} hits=1 status=0 QTime=0
2024-02-03 23:26:09.637 INFO  (qtp1866229258-31) [ x:review t:localhost-93] o.a.s.c.S.Request webapp=/solr path=/select params={facet.query=&q=reviewContentId:2111&facet.field=reviewRatting&facet.field=ID&fl=&start=0&fq=&sort=&rows=10&facet=true&wt=xml&version=2.2} hits=1 status=0 QTime=13
2024-02-03 23:26:09.639 INFO  (qtp1866229258-28) [ x:review t:localhost-90] o.a.s.c.S.Request webapp=/solr path=/select params={facet.query=&q=reviewContentId:1&facet.field=reviewRatting&facet.field=ID&fl=&start=0&fq=&sort=&rows=10&facet=true&wt=xml&version=2.2} hits=1 status=0 QTime=23
2024-02-03 23:26:09.642 INFO  (qtp1866229258-31) [ x:review t:localhost-96] o.a.s.c.S.Request webapp=/solr path=/select params={facet.query=&q=reviewContentId:211&facet.field=reviewRatting&facet.field=ID&fl=&start=0&fq=&sort=&rows=10&facet=true&wt=xml&version=2.2} hits=1 status=0 QTime=1
2024-02-03 23:26:09.731 INFO  (qtp1866229258-23) [ x:reply t:localhost-97] o.a.s.c.S.Request webapp=/solr path=/select params={facet.query=&q=reviewId:84caa46d-2727-4301-90eb-5e115a05fec6+%26%26+contentId:21&facet.field=ID&fl=&start=0&fq=&sort=&rows=10&facet=true&wt=xml&version=2.2} hits=1 status=0 QTime=3
2024-02-03 23:26:09.739 INFO  (qtp1866229258-27) [ x:reply t:localhost-98] o.a.s.c.S.Request webapp=/solr path=/select params={facet.query=&q=reviewId:dd83d168-7b25-47be-a042-e2ecc4fd4db2+%26%26+contentId:2111&facet.field=ID&fl=&start=0&fq=&sort=&rows=10&facet=true&wt=xml&version=2.2} hits=1 status=0 QTime=1
2024-02-03 23:26:09.742 INFO  (qtp1866229258-23) [ x:helpFull t:localhost-99] o.a.s.c.S.Request webapp=/solr path=/select params={facet.query=&q=reviewId:84caa46d-2727-4301-90eb-5e115a05fec6+%26%26+contentId:21&facet.field=ID&fl=&start=0&fq=&sort=&rows=10&facet=true&wt=xml&version=2.2} hits=1 status=0 QTime=2
2024-02-03 23:26:09.743 INFO  (qtp1866229258-26) [ x:users t:localhost-100] o.a.s.c.S.Request webapp=/solr path=/select params={facet.query=&q=ID:cecea004-1b91-41ae-a21b-176f4254b31e&facet.field=ID&fl=&start=0&fq=&sort=&rows=10&facet=true&wt=xml&version=2.2} hits=1 status=0 QTime=0
2024-02-03 23:26:09.745 INFO  (qtp1866229258-27) [ x:users t:localhost-101] o.a.s.c.S.Request webapp=/solr path=/select params={facet.query=&q=ID:cecea004-1b91-41ae-a21b-176f4254b31e&facet.field=ID&fl=&start=0&fq=&sort=&rows=10&facet=true&wt=xml&version=2.2} hits=1 status=0 QTime=2
2024-02-03 23:26:09.746 INFO  (qtp1866229258-26) [ x:users t:localhost-102] o.a.s.c.S.Request webapp=/solr path=/select params={facet.query=&q=ID:cecea004-1b91-41ae-a21b-176f4254b31e&facet.field=ID&fl=&start=0&fq=&sort=&rows=10&facet=true&wt=xml&version=2.2} hits=1 status=0 QTime=2
2024-02-03 23:26:09.747 INFO  (qtp1866229258-23) [ x:like t:localhost-103] o.a.s.c.S.Request webapp=/solr path=/select params={facet.query=&q=reviewId:f1d4ff07-2398-4022-94ee-f1ef2413cfb3+%26%26+contentId:2&facet.field=ID&facet.field=like&fl=&start=0&fq=&sort=&rows=10&facet=true&wt=xml&version=2.2} hits=1 status=0 QTime=3
2024-02-03 23:26:09.756 INFO  (qtp1866229258-30) [ x:reply t:localhost-104] o.a.s.c.S.Request webapp=/solr path=/select params={facet.query=&q=reviewId:f1c275e6-1ac6-4dc4-85dd-bb1c213acedc+%26%26+contentId:29&facet.field=ID&fl=&start=0&fq=&sort=&rows=10&facet=true&wt=xml&version=2.2} hits=1 status=0 QTime=1
2024-02-03 23:26:09.756 INFO  (qtp1866229258-32) [ x:reply t:localhost-105] o.a.s.c.S.Request webapp=/solr path=/select params={facet.query=&q=reviewId:1cf1bc8d-35e7-4977-bfc5-99157caf3ced+%26%26+contentId:1&facet.field=ID&fl=&start=0&fq=&sort=&rows=10&facet=true&wt=xml&version=2.2} hits=1 status=0 QTime=0
2024-02-03 23:26:09.758 INFO  (qtp1866229258-29) [ x:reply t:localhost-106] o.a.s.c.S.Request webapp=/solr path=/select params={facet.query=&q=reviewId:afcb04ac-db58-44a5-9df2-33995457ca86+%26%26+contentId:23&facet.field=ID&fl=&start=0&fq=&sort=&rows=10&facet=true&wt=xml&version=2.2} hits=1 status=0 QTime=1
2024-02-03 23:26:09.760 INFO  (qtp1866229258-32) [ x:reply t:localhost-107] o.a.s.c.S.Request webapp=/solr path=/select params={facet.query=&q=reviewId:f1d4ff07-2398-4022-94ee-f1ef2413cfb3+%26%26+contentId:2&facet.field=ID&fl=&start=0&fq=&sort=&rows=10&facet=true&wt=xml&version=2.2} hits=1 status=0 QTime=1
2024-02-03 23:26:09.760 INFO  (qtp1866229258-29) [ x:like t:localhost-108] o.a.s.c.S.Request webapp=/solr path=/select params={facet.query=&q=reviewId:f1c275e6-1ac6-4dc4-85dd-bb1c213acedc+%26%26+contentId:29&facet.field=ID&facet.field=like&fl=&start=0&fq=&sort=&rows=10&facet=true&wt=xml&version=2.2} hits=1 status=0 QTime=0
2024-02-03 23:26:09.762 INFO  (qtp1866229258-28) [ x:like t:localhost-109] o.a.s.c.S.Request webapp=/solr path=/select params={facet.query=&q=reviewId:84caa46d-2727-4301-90eb-5e115a05fec6+%26%26+contentId:21&facet.field=ID&facet.field=like&fl=&start=0&fq=&sort=&rows=10&facet=true&wt=xml&version=2.2} hits=1 status=0 QTime=1
2024-02-03 23:26:09.764 INFO  (qtp1866229258-32) [ x:reply t:localhost-110] o.a.s.c.S.Request webapp=/solr path=/select params={facet.query=&q=reviewId:96663674-72cc-4bf0-ac0d-cd51a934287d+%26%26+contentId:211&facet.field=ID&fl=&start=0&fq=&sort=&rows=10&facet=true&wt=xml&version=2.2} hits=1 status=0 QTime=1
2024-02-03 23:26:09.764 INFO  (qtp1866229258-28) [ x:helpFull t:localhost-111] o.a.s.c.S.Request webapp=/solr path=/select params={facet.query=&q=reviewId:f1c275e6-1ac6-4dc4-85dd-bb1c213acedc+%26%26+contentId:29&facet.field=ID&fl=&start=0&fq=&sort=&rows=10&facet=true&wt=xml&version=2.2} hits=1 status=0 QTime=1
2024-02-03 23:26:09.799 INFO  (qtp1866229258-31) [ x:users t:localhost-112] o.a.s.c.S.Request webapp=/solr path=/select params={facet.query=&q=ID:cecea004-1b91-41ae-a21b-176f4254b31e&facet.field=ID&fl=&start=0&fq=&sort=&rows=10&facet=true&wt=xml&version=2.2} hits=1 status=0 QTime=1
2024-02-03 23:26:09.801 INFO  (qtp1866229258-32) [ x:helpFull t:localhost-113] o.a.s.c.S.Request webapp=/solr path=/select params={facet.query=&q=reviewId:dd83d168-7b25-47be-a042-e2ecc4fd4db2+%26%26+contentId:2111&facet.field=ID&fl=&start=0&fq=&sort=&rows=10&facet=true&wt=xml&version=2.2} hits=1 status=0 QTime=1
2024-02-03 23:26:09.803 INFO  (qtp1866229258-25) [ x:like t:localhost-114] o.a.s.c.S.Request webapp=/solr path=/select params={facet.query=&q=reviewId:96663674-72cc-4bf0-ac0d-cd51a934287d+%26%26+contentId:211&facet.field=ID&facet.field=like&fl=&start=0&fq=&sort=&rows=10&facet=true&wt=xml&version=2.2} hits=1 status=0 QTime=1
2024-02-03 23:26:09.807 INFO  (qtp1866229258-32) [ x:helpFull t:localhost-115] o.a.s.c.S.Request webapp=/solr path=/select params={facet.query=&q=reviewId:f1d4ff07-2398-4022-94ee-f1ef2413cfb3+%26%26+contentId:2&facet.field=ID&fl=&start=0&fq=&sort=&rows=10&facet=true&wt=xml&version=2.2} hits=1 status=0 QTime=1
2024-02-03 23:26:09.810 INFO  (qtp1866229258-25) [ x:users t:localhost-116] o.a.s.c.S.Request webapp=/solr path=/select params={facet.query=&q=ID:cecea004-1b91-41ae-a21b-176f4254b31e&facet.field=ID&fl=&start=0&fq=&sort=&rows=10&facet=true&wt=xml&version=2.2} hits=1 status=0 QTime=0
2024-02-03 23:26:09.815 INFO  (qtp1866229258-32) [ x:helpFull t:localhost-117] o.a.s.c.S.Request webapp=/solr path=/select params={facet.query=&q=reviewId:96663674-72cc-4bf0-ac0d-cd51a934287d+%26%26+contentId:211&facet.field=ID&fl=&start=0&fq=&sort=&rows=10&facet=true&wt=xml&version=2.2} hits=1 status=0 QTime=1
2024-02-03 23:26:09.817 INFO  (qtp1866229258-25) [ x:users t:localhost-118] o.a.s.c.S.Request webapp=/solr path=/select params={facet.query=&q=ID:cecea004-1b91-41ae-a21b-176f4254b31e&facet.field=ID&fl=&start=0&fq=&sort=&rows=10&facet=true&wt=xml&version=2.2} hits=1 status=0 QTime=0
2024-02-03 23:26:09.819 INFO  (qtp1866229258-26) [ x:helpFull t:localhost-119] o.a.s.c.S.Request webapp=/solr path=/select params={facet.query=&q=reviewId:afcb04ac-db58-44a5-9df2-33995457ca86+%26%26+contentId:23&facet.field=ID&fl=&start=0&fq=&sort=&rows=10&facet=true&wt=xml&version=2.2} hits=1 status=0 QTime=1
2024-02-03 23:26:09.821 INFO  (qtp1866229258-29) [ x:like t:localhost-120] o.a.s.c.S.Request webapp=/solr path=/select params={facet.query=&q=reviewId:dd83d168-7b25-47be-a042-e2ecc4fd4db2+%26%26+contentId:2111&facet.field=ID&facet.field=like&fl=&start=0&fq=&sort=&rows=10&facet=true&wt=xml&version=2.2} hits=1 status=0 QTime=1
2024-02-03 23:26:09.825 INFO  (qtp1866229258-27) [ x:helpFull t:localhost-121] o.a.s.c.S.Request webapp=/solr path=/select params={facet.query=&q=reviewId:1cf1bc8d-35e7-4977-bfc5-99157caf3ced+%26%26+contentId:1&facet.field=ID&fl=&start=0&fq=&sort=&rows=10&facet=true&wt=xml&version=2.2} hits=1 status=0 QTime=1
2024-02-03 23:26:09.830 INFO  (qtp1866229258-30) [ x:like t:localhost-122] o.a.s.c.S.Request webapp=/solr path=/select params={facet.query=&q=reviewId:1cf1bc8d-35e7-4977-bfc5-99157caf3ced+%26%26+contentId:1&facet.field=ID&facet.field=like&fl=&start=0&fq=&sort=&rows=10&facet=true&wt=xml&version=2.2} hits=1 status=0 QTime=3
2024-02-03 23:26:09.831 INFO  (qtp1866229258-23) [ x:like t:localhost-123] o.a.s.c.S.Request webapp=/solr path=/select params={facet.query=&q=reviewId:afcb04ac-db58-44a5-9df2-33995457ca86+%26%26+contentId:23&facet.field=ID&facet.field=like&fl=&start=0&fq=&sort=&rows=10&facet=true&wt=xml&version=2.2} hits=1 status=0 QTime=3
2024-02-03 23:26:09.835 INFO  (qtp1866229258-28) [ x:users t:localhost-124] o.a.s.c.S.Request webapp=/solr path=/select params={facet.query=&q=ID:cecea004-1b91-41ae-a21b-176f4254b31e&facet.field=ID&fl=&start=0&fq=&sort=&rows=10&facet=true&wt=xml&version=2.2} hits=1 status=0 QTime=0
2024-02-03 23:27:24.138 INFO  (qtp1866229258-31) [ x:content t:localhost-125] o.a.s.c.S.Request webapp=/solr path=/select params={facet.query=&q=*:*&facet.field=ID&fl=&start=0&fq=&sort=&rows=20&facet=true&wt=xml&version=2.2} hits=7 status=0 QTime=1
2024-02-03 23:27:24.209 INFO  (qtp1866229258-28) [ x:review t:localhost-126] o.a.s.c.S.Request webapp=/solr path=/select params={facet.query=&q=reviewContentId:21&facet.field=reviewRatting&facet.field=ID&fl=&start=0&fq=&sort=&rows=10&facet=true&wt=xml&version=2.2} hits=1 status=0 QTime=1
2024-02-03 23:27:24.214 INFO  (qtp1866229258-28) [ x:review t:localhost-127] o.a.s.c.S.Request webapp=/solr path=/select params={facet.query=&q=reviewContentId:29&facet.field=reviewRatting&facet.field=ID&fl=&start=0&fq=&sort=&rows=10&facet=true&wt=xml&version=2.2} hits=1 status=0 QTime=1
2024-02-03 23:27:24.220 INFO  (qtp1866229258-31) [ x:review t:localhost-128] o.a.s.c.S.Request webapp=/solr path=/select params={facet.query=&q=reviewContentId:2&facet.field=reviewRatting&facet.field=ID&fl=&start=0&fq=&sort=&rows=10&facet=true&wt=xml&version=2.2} hits=1 status=0 QTime=1
2024-02-03 23:27:24.239 INFO  (qtp1866229258-67) [ x:review t:localhost-129] o.a.s.c.S.Request webapp=/solr path=/select params={facet.query=&q=reviewContentId:211&facet.field=reviewRatting&facet.field=ID&fl=&start=0&fq=&sort=&rows=10&facet=true&wt=xml&version=2.2} hits=1 status=0 QTime=1
2024-02-03 23:27:24.241 INFO  (qtp1866229258-25) [ x:review t:localhost-130] o.a.s.c.S.Request webapp=/solr path=/select params={facet.query=&q=reviewContentId:2111&facet.field=reviewRatting&facet.field=ID&fl=&start=0&fq=&sort=&rows=10&facet=true&wt=xml&version=2.2} hits=1 status=0 QTime=1
2024-02-03 23:27:24.244 INFO  (qtp1866229258-23) [ x:review t:localhost-131] o.a.s.c.S.Request webapp=/solr path=/select params={facet.query=&q=reviewContentId:1&facet.field=reviewRatting&facet.field=ID&fl=&start=0&fq=&sort=&rows=10&facet=true&wt=xml&version=2.2} hits=1 status=0 QTime=3
2024-02-03 23:27:24.248 INFO  (qtp1866229258-28) [ x:review t:localhost-132] o.a.s.c.S.Request webapp=/solr path=/select params={facet.query=&q=reviewContentId:23&facet.field=reviewRatting&facet.field=ID&fl=&start=0&fq=&sort=&rows=10&facet=true&wt=xml&version=2.2} hits=1 status=0 QTime=2
2024-02-03 23:27:24.275 INFO  (qtp1866229258-32) [ x:helpFull t:localhost-133] o.a.s.c.S.Request webapp=/solr path=/select params={facet.query=&q=reviewId:84caa46d-2727-4301-90eb-5e115a05fec6+%26%26+contentId:21&facet.field=ID&fl=&start=0&fq=&sort=&rows=10&facet=true&wt=xml&version=2.2} hits=1 status=0 QTime=1
2024-02-03 23:27:24.284 INFO  (qtp1866229258-32) [ x:reply t:localhost-134] o.a.s.c.S.Request webapp=/solr path=/select params={facet.query=&q=reviewId:84caa46d-2727-4301-90eb-5e115a05fec6+%26%26+contentId:21&facet.field=ID&fl=&start=0&fq=&sort=&rows=10&facet=true&wt=xml&version=2.2} hits=1 status=0 QTime=2
2024-02-03 23:27:24.286 INFO  (qtp1866229258-30) [ x:like t:localhost-135] o.a.s.c.S.Request webapp=/solr path=/select params={facet.query=&q=reviewId:84caa46d-2727-4301-90eb-5e115a05fec6+%26%26+contentId:21&facet.field=ID&facet.field=like&fl=&start=0&fq=&sort=&rows=10&facet=true&wt=xml&version=2.2} hits=1 status=0 QTime=1
2024-02-03 23:27:24.289 INFO  (qtp1866229258-23) [ x:users t:localhost-136] o.a.s.c.S.Request webapp=/solr path=/select params={facet.query=&q=ID:cecea004-1b91-41ae-a21b-176f4254b31e&facet.field=ID&fl=&start=0&fq=&sort=&rows=10&facet=true&wt=xml&version=2.2} hits=1 status=0 QTime=0
2024-02-03 23:27:24.299 INFO  (qtp1866229258-31) [ x:users t:localhost-137] o.a.s.c.S.Request webapp=/solr path=/select params={facet.query=&q=ID:cecea004-1b91-41ae-a21b-176f4254b31e&facet.field=ID&fl=&start=0&fq=&sort=&rows=10&facet=true&wt=xml&version=2.2} hits=1 status=0 QTime=0
2024-02-03 23:27:24.302 INFO  (qtp1866229258-30) [ x:reply t:localhost-138] o.a.s.c.S.Request webapp=/solr path=/select params={facet.query=&q=reviewId:f1c275e6-1ac6-4dc4-85dd-bb1c213acedc+%26%26+contentId:29&facet.field=ID&fl=&start=0&fq=&sort=&rows=10&facet=true&wt=xml&version=2.2} hits=1 status=0 QTime=1
2024-02-03 23:27:24.307 INFO  (qtp1866229258-31) [ x:helpFull t:localhost-139] o.a.s.c.S.Request webapp=/solr path=/select params={facet.query=&q=reviewId:f1d4ff07-2398-4022-94ee-f1ef2413cfb3+%26%26+contentId:2&facet.field=ID&fl=&start=0&fq=&sort=&rows=10&facet=true&wt=xml&version=2.2} hits=1 status=0 QTime=1
2024-02-03 23:27:24.494 INFO  (qtp1866229258-30) [ x:like t:localhost-140] o.a.s.c.S.Request webapp=/solr path=/select params={facet.query=&q=reviewId:f1c275e6-1ac6-4dc4-85dd-bb1c213acedc+%26%26+contentId:29&facet.field=ID&facet.field=like&fl=&start=0&fq=&sort=&rows=10&facet=true&wt=xml&version=2.2} hits=1 status=0 QTime=1
2024-02-03 23:27:24.496 INFO  (qtp1866229258-31) [ x:reply t:localhost-141] o.a.s.c.S.Request webapp=/solr path=/select params={facet.query=&q=reviewId:f1d4ff07-2398-4022-94ee-f1ef2413cfb3+%26%26+contentId:2&facet.field=ID&fl=&start=0&fq=&sort=&rows=10&facet=true&wt=xml&version=2.2} hits=1 status=0 QTime=1
2024-02-03 23:27:24.498 INFO  (qtp1866229258-67) [ x:like t:localhost-142] o.a.s.c.S.Request webapp=/solr path=/select params={facet.query=&q=reviewId:f1d4ff07-2398-4022-94ee-f1ef2413cfb3+%26%26+contentId:2&facet.field=ID&facet.field=like&fl=&start=0&fq=&sort=&rows=10&facet=true&wt=xml&version=2.2} hits=1 status=0 QTime=0
2024-02-03 23:27:24.500 INFO  (qtp1866229258-67) [ x:users t:localhost-143] o.a.s.c.S.Request webapp=/solr path=/select params={facet.query=&q=ID:cecea004-1b91-41ae-a21b-176f4254b31e&facet.field=ID&fl=&start=0&fq=&sort=&rows=10&facet=true&wt=xml&version=2.2} hits=1 status=0 QTime=0
2024-02-03 23:27:24.520 INFO  (qtp1866229258-26) [ x:reply t:localhost-146] o.a.s.c.S.Request webapp=/solr path=/select params={facet.query=&q=reviewId:afcb04ac-db58-44a5-9df2-33995457ca86+%26%26+contentId:23&facet.field=ID&fl=&start=0&fq=&sort=&rows=10&facet=true&wt=xml&version=2.2} hits=1 status=0 QTime=1
2024-02-03 23:27:24.522 INFO  (qtp1866229258-29) [ x:reply t:localhost-145] o.a.s.c.S.Request webapp=/solr path=/select params={facet.query=&q=reviewId:dd83d168-7b25-47be-a042-e2ecc4fd4db2+%26%26+contentId:2111&facet.field=ID&fl=&start=0&fq=&sort=&rows=10&facet=true&wt=xml&version=2.2} hits=1 status=0 QTime=2
2024-02-03 23:27:24.522 INFO  (qtp1866229258-27) [ x:reply t:localhost-147] o.a.s.c.S.Request webapp=/solr path=/select params={facet.query=&q=reviewId:96663674-72cc-4bf0-ac0d-cd51a934287d+%26%26+contentId:211&facet.field=ID&fl=&start=0&fq=&sort=&rows=10&facet=true&wt=xml&version=2.2} hits=1 status=0 QTime=0
2024-02-03 23:27:24.524 INFO  (qtp1866229258-30) [ x:like t:localhost-148] o.a.s.c.S.Request webapp=/solr path=/select params={facet.query=&q=reviewId:96663674-72cc-4bf0-ac0d-cd51a934287d+%26%26+contentId:211&facet.field=ID&facet.field=like&fl=&start=0&fq=&sort=&rows=10&facet=true&wt=xml&version=2.2} hits=1 status=0 QTime=0
2024-02-03 23:27:24.525 INFO  (qtp1866229258-25) [ x:helpFull t:localhost-144] o.a.s.c.S.Request webapp=/solr path=/select params={facet.query=&q=reviewId:f1c275e6-1ac6-4dc4-85dd-bb1c213acedc+%26%26+contentId:29&facet.field=ID&fl=&start=0&fq=&sort=&rows=10&facet=true&wt=xml&version=2.2} hits=1 status=0 QTime=7
2024-02-03 23:27:24.526 INFO  (qtp1866229258-26) [ x:users t:localhost-149] o.a.s.c.S.Request webapp=/solr path=/select params={facet.query=&q=ID:cecea004-1b91-41ae-a21b-176f4254b31e&facet.field=ID&fl=&start=0&fq=&sort=&rows=10&facet=true&wt=xml&version=2.2} hits=1 status=0 QTime=0
2024-02-03 23:27:24.528 INFO  (qtp1866229258-67) [ x:users t:localhost-150] o.a.s.c.S.Request webapp=/solr path=/select params={facet.query=&q=ID:cecea004-1b91-41ae-a21b-176f4254b31e&facet.field=ID&fl=&start=0&fq=&sort=&rows=10&facet=true&wt=xml&version=2.2} hits=1 status=0 QTime=0
2024-02-03 23:27:24.534 INFO  (qtp1866229258-67) [ x:helpFull t:localhost-151] o.a.s.c.S.Request webapp=/solr path=/select params={facet.query=&q=reviewId:1cf1bc8d-35e7-4977-bfc5-99157caf3ced+%26%26+contentId:1&facet.field=ID&fl=&start=0&fq=&sort=&rows=10&facet=true&wt=xml&version=2.2} hits=1 status=0 QTime=0
2024-02-03 23:27:24.538 INFO  (qtp1866229258-29) [ x:reply t:localhost-152] o.a.s.c.S.Request webapp=/solr path=/select params={facet.query=&q=reviewId:1cf1bc8d-35e7-4977-bfc5-99157caf3ced+%26%26+contentId:1&facet.field=ID&fl=&start=0&fq=&sort=&rows=10&facet=true&wt=xml&version=2.2} hits=1 status=0 QTime=1
2024-02-03 23:27:24.544 INFO  (qtp1866229258-67) [ x:users t:localhost-153] o.a.s.c.S.Request webapp=/solr path=/select params={facet.query=&q=ID:cecea004-1b91-41ae-a21b-176f4254b31e&facet.field=ID&fl=&start=0&fq=&sort=&rows=10&facet=true&wt=xml&version=2.2} hits=1 status=0 QTime=0
2024-02-03 23:27:24.545 INFO  (qtp1866229258-29) [ x:like t:localhost-154] o.a.s.c.S.Request webapp=/solr path=/select params={facet.query=&q=reviewId:1cf1bc8d-35e7-4977-bfc5-99157caf3ced+%26%26+contentId:1&facet.field=ID&facet.field=like&fl=&start=0&fq=&sort=&rows=10&facet=true&wt=xml&version=2.2} hits=1 status=0 QTime=0
2024-02-03 23:27:24.560 INFO  (qtp1866229258-31) [ x:users t:localhost-155] o.a.s.c.S.Request webapp=/solr path=/select params={facet.query=&q=ID:cecea004-1b91-41ae-a21b-176f4254b31e&facet.field=ID&fl=&start=0&fq=&sort=&rows=10&facet=true&wt=xml&version=2.2} hits=1 status=0 QTime=0
2024-02-03 23:27:24.564 INFO  (qtp1866229258-30) [ x:helpFull t:localhost-156] o.a.s.c.S.Request webapp=/solr path=/select params={facet.query=&q=reviewId:96663674-72cc-4bf0-ac0d-cd51a934287d+%26%26+contentId:211&facet.field=ID&fl=&start=0&fq=&sort=&rows=10&facet=true&wt=xml&version=2.2} hits=1 status=0 QTime=1
2024-02-03 23:27:24.564 INFO  (qtp1866229258-31) [ x:helpFull t:localhost-157] o.a.s.c.S.Request webapp=/solr path=/select params={facet.query=&q=reviewId:afcb04ac-db58-44a5-9df2-33995457ca86+%26%26+contentId:23&facet.field=ID&fl=&start=0&fq=&sort=&rows=10&facet=true&wt=xml&version=2.2} hits=1 status=0 QTime=0
2024-02-03 23:27:24.573 INFO  (qtp1866229258-29) [ x:like t:localhost-158] o.a.s.c.S.Request webapp=/solr path=/select params={facet.query=&q=reviewId:afcb04ac-db58-44a5-9df2-33995457ca86+%26%26+contentId:23&facet.field=ID&facet.field=like&fl=&start=0&fq=&sort=&rows=10&facet=true&wt=xml&version=2.2} hits=1 status=0 QTime=0
2024-02-03 23:27:24.578 INFO  (qtp1866229258-26) [ x:like t:localhost-159] o.a.s.c.S.Request webapp=/solr path=/select params={facet.query=&q=reviewId:dd83d168-7b25-47be-a042-e2ecc4fd4db2+%26%26+contentId:2111&facet.field=ID&facet.field=like&fl=&start=0&fq=&sort=&rows=10&facet=true&wt=xml&version=2.2} hits=1 status=0 QTime=1
2024-02-03 23:27:24.581 INFO  (qtp1866229258-29) [ x:helpFull t:localhost-160] o.a.s.c.S.Request webapp=/solr path=/select params={facet.query=&q=reviewId:dd83d168-7b25-47be-a042-e2ecc4fd4db2+%26%26+contentId:2111&facet.field=ID&fl=&start=0&fq=&sort=&rows=10&facet=true&wt=xml&version=2.2} hits=1 status=0 QTime=1
